2025-11-29 19:30:33.008 xcodebuild[3146:69547]  DVTErrorPresenter: Unable to load simulator devices.
Domain: DVTCoreSimulatorAdditionsErrorDomain
Code: 3
Failure Reason: The version of the CoreSimulator framework installed on this Mac is out-of-date and not supported by this version of Xcode.
Recovery Suggestion: Please ensure that you have installed all available updates to your Mac's software, and that you are running the most recent version of Xcode supported by macOS.
--
CoreSimulator is out of date. Current version (1048.0.0) is older than build version (1051.9.4).
Domain: DVTCoreSimulatorAdditionsErrorDomain
Code: 3
--

2025-11-29 19:30:33.008 xcodebuild[3146:69547]  iOSSimulator: [SimServiceContext sharedServiceContextForDeveloperDir:error:] returned nil (Error Domain=DVTCoreSimulatorAdditionsErrorDomain Code=3 "CoreSimulator is out of date. Current version (1048.0.0) is older than build version (1051.9.4)." UserInfo={NSLocalizedDescription=CoreSimulator is out of date. Current version (1048.0.0) is older than build version (1051.9.4).}). Simulator device support disabled.
Command line invocation:
    /Applications/Xcode.app/Contents/Developer/usr/bin/xcodebuild -scheme MetalHead -configuration Debug build

2025-11-29 19:30:34.359 xcodebuild[3146:69466] [MT] IDERunDestination: Supported platforms for the buildables in the current scheme is empty.
--- xcodebuild: WARNING: Using the first of multiple matching destinations:
{ platform:macOS, arch:arm64, id:00008112-000C14662108C01E, name:My Mac }
{ platform:macOS, name:Any Mac }
ComputePackagePrebuildTargetDependencyGraph

Prepare packages

CreateBuildRequest

SendProjectDescription

CreateBuildOperation

ComputeTargetDependencyGraph
note: Building targets in dependency order
note: Target dependency graph (2 targets)
    Target 'MetalHead' in project 'MetalHead'
        ➜ Explicit dependency on target 'MetalHeadEngine' in project 'MetalHead'
    Target 'MetalHeadEngine' in project 'MetalHead' (no dependencies)

GatherProvisioningInputs

CreateBuildDescription

ExecuteExternalTool /Applications/Xcode.app/Contents/Developer/Toolchains/XcodeDefault.xctoolchain/usr/bin/clang -v -E -dM -isysroot /Applications/Xcode.app/Contents/Developer/Platforms/MacOSX.platform/Developer/SDKs/MacOSX26.1.sdk -x c -c /dev/null

ExecuteExternalTool /Applications/Xcode.app/Contents/Developer/Toolchains/XcodeDefault.xctoolchain/usr/bin/swiftc --version

ExecuteExternalTool /Applications/Xcode.app/Contents/Developer/Toolchains/XcodeDefault.xctoolchain/usr/bin/ld -version_details

Build description signature: 100ccb27a3df5534d6a821ed66abb4b8
Build description path: /Users/themapleseedinc/Library/Developer/Xcode/DerivedData/MetalHead-dwcquabrrptfhxcuxkrazgvouwjo/Build/Intermediates.noindex/XCBuildData/100ccb27a3df5534d6a821ed66abb4b8.xcbuilddata
ClangStatCache /Applications/Xcode.app/Contents/Developer/Toolchains/XcodeDefault.xctoolchain/usr/bin/clang-stat-cache /Applications/Xcode.app/Contents/Developer/Platforms/MacOSX.platform/Developer/SDKs/MacOSX26.1.sdk /Users/themapleseedinc/Library/Developer/Xcode/DerivedData/SDKStatCaches.noindex/macosx26.1-25B74-3885c01c3e6b6a337905948deab2002e3ae1261907bdadc328169391a47051a6.sdkstatcache
    cd /Users/themapleseedinc/.cursor/worktrees/MetalHead/eyc/MetalHead.xcodeproj
    /Applications/Xcode.app/Contents/Developer/Toolchains/XcodeDefault.xctoolchain/usr/bin/clang-stat-cache /Applications/Xcode.app/Contents/Developer/Platforms/MacOSX.platform/Developer/SDKs/MacOSX26.1.sdk -o /Users/themapleseedinc/Library/Developer/Xcode/DerivedData/SDKStatCaches.noindex/macosx26.1-25B74-3885c01c3e6b6a337905948deab2002e3ae1261907bdadc328169391a47051a6.sdkstatcache
Base directory status changed. Regenerating...

SwiftDriver MetalHeadEngine normal arm64 com.apple.xcode.tools.swift.compiler (in target 'MetalHeadEngine' from project 'MetalHead')
    cd /Users/themapleseedinc/.cursor/worktrees/MetalHead/eyc
    builtin-SwiftDriver -- /Applications/Xcode.app/Contents/Developer/Toolchains/XcodeDefault.xctoolchain/usr/bin/swiftc -module-name MetalHeadEngine -Onone -enforce-exclusivity\=checked @/Users/themapleseedinc/Library/Developer/Xcode/DerivedData/MetalHead-dwcquabrrptfhxcuxkrazgvouwjo/Build/Intermediates.noindex/MetalHead.build/Debug/MetalHeadEngine.build/Objects-normal/arm64/MetalHeadEngine.SwiftFileList -DDEBUG -enable-experimental-feature DebugDescriptionMacro -sdk /Applications/Xcode.app/Contents/Developer/Platforms/MacOSX.platform/Developer/SDKs/MacOSX26.1.sdk -target arm64-apple-macos26.0 -g -module-cache-path /Users/themapleseedinc/Library/Developer/Xcode/DerivedData/ModuleCache.noindex -Xfrontend -serialize-debugging-options -enable-testing -index-store-path /Users/themapleseedinc/Library/Developer/Xcode/DerivedData/MetalHead-dwcquabrrptfhxcuxkrazgvouwjo/Index.noindex/DataStore -Xcc -D_LIBCPP_HARDENING_MODE\=_LIBCPP_HARDENING_MODE_DEBUG -swift-version 6 -I /Users/themapleseedinc/Library/Developer/Xcode/DerivedData/MetalHead-dwcquabrrptfhxcuxkrazgvouwjo/Build/Products/Debug -F /Users/themapleseedinc/Library/Developer/Xcode/DerivedData/MetalHead-dwcquabrrptfhxcuxkrazgvouwjo/Build/Products/Debug -c -j8 -enable-batch-mode -incremental -Xcc -ivfsstatcache -Xcc /Users/themapleseedinc/Library/Developer/Xcode/DerivedData/SDKStatCaches.noindex/macosx26.1-25B74-3885c01c3e6b6a337905948deab2002e3ae1261907bdadc328169391a47051a6.sdkstatcache -output-file-map /Users/themapleseedinc/Library/Developer/Xcode/DerivedData/MetalHead-dwcquabrrptfhxcuxkrazgvouwjo/Build/Intermediates.noindex/MetalHead.build/Debug/MetalHeadEngine.build/Objects-normal/arm64/MetalHeadEngine-OutputFileMap.json -use-frontend-parseable-output -save-temps -no-color-diagnostics -explicit-module-build -module-cache-path /Users/themapleseedinc/Library/Developer/Xcode/DerivedData/MetalHead-dwcquabrrptfhxcuxkrazgvouwjo/Build/Intermediates.noindex/SwiftExplicitPrecompiledModules -clang-scanner-module-cache-path /Users/themapleseedinc/Library/Developer/Xcode/DerivedData/ModuleCache.noindex -sdk-module-cache-path /Users/themapleseedinc/Library/Developer/Xcode/DerivedData/ModuleCache.noindex -serialize-diagnostics -emit-dependencies -emit-module -emit-module-path /Users/themapleseedinc/Library/Developer/Xcode/DerivedData/MetalHead-dwcquabrrptfhxcuxkrazgvouwjo/Build/Intermediates.noindex/MetalHead.build/Debug/MetalHeadEngine.build/Objects-normal/arm64/MetalHeadEngine.swiftmodule -emit-module-interface-path /Users/themapleseedinc/Library/Developer/Xcode/DerivedData/MetalHead-dwcquabrrptfhxcuxkrazgvouwjo/Build/Intermediates.noindex/MetalHead.build/Debug/MetalHeadEngine.build/Objects-normal/arm64/MetalHeadEngine.swiftinterface -emit-private-module-interface-path /Users/themapleseedinc/Library/Developer/Xcode/DerivedData/MetalHead-dwcquabrrptfhxcuxkrazgvouwjo/Build/Intermediates.noindex/MetalHead.build/Debug/MetalHeadEngine.build/Objects-normal/arm64/MetalHeadEngine.private.swiftinterface -validate-clang-modules-once -clang-build-session-file /Users/themapleseedinc/Library/Developer/Xcode/DerivedData/ModuleCache.noindex/Session.modulevalidation -Xcc -I/Users/themapleseedinc/Library/Developer/Xcode/DerivedData/MetalHead-dwcquabrrptfhxcuxkrazgvouwjo/Build/Intermediates.noindex/MetalHead.build/Debug/MetalHeadEngine.build/swift-overrides.hmap -emit-const-values -Xfrontend -const-gather-protocols-file -Xfrontend /Users/themapleseedinc/Library/Developer/Xcode/DerivedData/MetalHead-dwcquabrrptfhxcuxkrazgvouwjo/Build/Intermediates.noindex/MetalHead.build/Debug/MetalHeadEngine.build/Objects-normal/arm64/MetalHeadEngine_const_extract_protocols.json -Xcc -iquote -Xcc /Users/themapleseedinc/Library/Developer/Xcode/DerivedData/MetalHead-dwcquabrrptfhxcuxkrazgvouwjo/Build/Intermediates.noindex/MetalHead.build/Debug/MetalHeadEngine.build/MetalHeadEngine-generated-files.hmap -Xcc -I/Users/themapleseedinc/Library/Developer/Xcode/DerivedData/MetalHead-dwcquabrrptfhxcuxkrazgvouwjo/Build/Intermediates.noindex/MetalHead.build/Debug/MetalHeadEngine.build/MetalHeadEngine-own-target-headers.hmap -Xcc -I/Users/themapleseedinc/Library/Developer/Xcode/DerivedData/MetalHead-dwcquabrrptfhxcuxkrazgvouwjo/Build/Intermediates.noindex/MetalHead.build/Debug/MetalHeadEngine.build/MetalHeadEngine-all-non-framework-target-headers.hmap -Xcc -ivfsoverlay -Xcc /Users/themapleseedinc/Library/Developer/Xcode/DerivedData/MetalHead-dwcquabrrptfhxcuxkrazgvouwjo/Build/Intermediates.noindex/MetalHead.build/Debug/MetalHead-65e8f32d4af987da389b3742d35158af-VFS/all-product-headers.yaml -Xcc -iquote -Xcc /Users/themapleseedinc/Library/Developer/Xcode/DerivedData/MetalHead-dwcquabrrptfhxcuxkrazgvouwjo/Build/Intermediates.noindex/MetalHead.build/Debug/MetalHeadEngine.build/MetalHeadEngine-project-headers.hmap -Xcc -I/Users/themapleseedinc/Library/Developer/Xcode/DerivedData/MetalHead-dwcquabrrptfhxcuxkrazgvouwjo/Build/Products/Debug/include -Xcc -I/Users/themapleseedinc/Library/Developer/Xcode/DerivedData/MetalHead-dwcquabrrptfhxcuxkrazgvouwjo/Build/Intermediates.noindex/MetalHead.build/Debug/MetalHeadEngine.build/DerivedSources-normal/arm64 -Xcc -I/Users/themapleseedinc/Library/Developer/Xcode/DerivedData/MetalHead-dwcquabrrptfhxcuxkrazgvouwjo/Build/Intermediates.noindex/MetalHead.build/Debug/MetalHeadEngine.build/DerivedSources/arm64 -Xcc -I/Users/themapleseedinc/Library/Developer/Xcode/DerivedData/MetalHead-dwcquabrrptfhxcuxkrazgvouwjo/Build/Intermediates.noindex/MetalHead.build/Debug/MetalHeadEngine.build/DerivedSources -Xcc -DDEBUG\=1 -emit-objc-header -emit-objc-header-path /Users/themapleseedinc/Library/Developer/Xcode/DerivedData/MetalHead-dwcquabrrptfhxcuxkrazgvouwjo/Build/Intermediates.noindex/MetalHead.build/Debug/MetalHeadEngine.build/Objects-normal/arm64/MetalHeadEngine-Swift.h -no-verify-emitted-module-interface -working-directory /Users/themapleseedinc/.cursor/worktrees/MetalHead/eyc -experimental-emit-module-separately -disable-cmo

SwiftEmitModule normal arm64 Emitting\ module\ for\ MetalHeadEngine (in target 'MetalHeadEngine' from project 'MetalHead')

EmitSwiftModule normal arm64 (in target 'MetalHeadEngine' from project 'MetalHead')
    cd /Users/themapleseedinc/.cursor/worktrees/MetalHead/eyc
    
<unknown>:0: warning: module interfaces are only supported with -enable-library-evolution
<unknown>:0: warning: module interfaces are only supported with -enable-library-evolution

SwiftCompile normal arm64 Compiling\ SIMDExtensions.swift /Users/themapleseedinc/.cursor/worktrees/MetalHead/eyc/MetalHeadEngine/Utilities/Extensions/SIMDExtensions.swift (in target 'MetalHeadEngine' from project 'MetalHead')
SwiftCompile normal arm64 /Users/themapleseedinc/.cursor/worktrees/MetalHead/eyc/MetalHeadEngine/Utilities/Extensions/SIMDExtensions.swift (in target 'MetalHeadEngine' from project 'MetalHead')
    cd /Users/themapleseedinc/.cursor/worktrees/MetalHead/eyc
    
/Users/themapleseedinc/.cursor/worktrees/MetalHead/eyc/MetalHeadEngine/Utilities/Extensions/SIMDExtensions.swift:162:24: warning: use of 'max' as reference to global function in module 'Swift' will change in future versions of Swift to reference instance method in generic struct 'SIMD4' which comes via a conditional conformance
        let clampedX = max(Scalar(0), min(Scalar(1), x))
                       ^
/Users/themapleseedinc/.cursor/worktrees/MetalHead/eyc/MetalHeadEngine/Utilities/Extensions/SIMDExtensions.swift:162:24: note: use 'Swift.' to continue to reference the global function
        let clampedX = max(Scalar(0), min(Scalar(1), x))
                       ^
                       Swift.
/Users/themapleseedinc/.cursor/worktrees/MetalHead/eyc/MetalHeadEngine/Utilities/Extensions/SIMDExtensions.swift:162:39: warning: use of 'min' as reference to global function in module 'Swift' will change in future versions of Swift to reference instance method in generic struct 'SIMD4' which comes via a conditional conformance
        let clampedX = max(Scalar(0), min(Scalar(1), x))
                                      ^
/Users/themapleseedinc/.cursor/worktrees/MetalHead/eyc/MetalHeadEngine/Utilities/Extensions/SIMDExtensions.swift:162:39: note: use 'Swift.' to continue to reference the global function
        let clampedX = max(Scalar(0), min(Scalar(1), x))
                                      ^
                                      Swift.
/Users/themapleseedinc/.cursor/worktrees/MetalHead/eyc/MetalHeadEngine/Utilities/Extensions/SIMDExtensions.swift:163:24: warning: use of 'max' as reference to global function in module 'Swift' will change in future versions of Swift to reference instance method in generic struct 'SIMD4' which comes via a conditional conformance
        let clampedY = max(Scalar(0), min(Scalar(1), y))
                       ^
/Users/themapleseedinc/.cursor/worktrees/MetalHead/eyc/MetalHeadEngine/Utilities/Extensions/SIMDExtensions.swift:163:24: note: use 'Swift.' to continue to reference the global function
        let clampedY = max(Scalar(0), min(Scalar(1), y))
                       ^
                       Swift.
/Users/themapleseedinc/.cursor/worktrees/MetalHead/eyc/MetalHeadEngine/Utilities/Extensions/SIMDExtensions.swift:163:39: warning: use of 'min' as reference to global function in module 'Swift' will change in future versions of Swift to reference instance method in generic struct 'SIMD4' which comes via a conditional conformance
        let clampedY = max(Scalar(0), min(Scalar(1), y))
                                      ^
/Users/themapleseedinc/.cursor/worktrees/MetalHead/eyc/MetalHeadEngine/Utilities/Extensions/SIMDExtensions.swift:163:39: note: use 'Swift.' to continue to reference the global function
        let clampedY = max(Scalar(0), min(Scalar(1), y))
                                      ^
                                      Swift.
/Users/themapleseedinc/.cursor/worktrees/MetalHead/eyc/MetalHeadEngine/Utilities/Extensions/SIMDExtensions.swift:164:24: warning: use of 'max' as reference to global function in module 'Swift' will change in future versions of Swift to reference instance method in generic struct 'SIMD4' which comes via a conditional conformance
        let clampedZ = max(Scalar(0), min(Scalar(1), z))
                       ^
/Users/themapleseedinc/.cursor/worktrees/MetalHead/eyc/MetalHeadEngine/Utilities/Extensions/SIMDExtensions.swift:164:24: note: use 'Swift.' to continue to reference the global function
        let clampedZ = max(Scalar(0), min(Scalar(1), z))
                       ^
                       Swift.
/Users/themapleseedinc/.cursor/worktrees/MetalHead/eyc/MetalHeadEngine/Utilities/Extensions/SIMDExtensions.swift:164:39: warning: use of 'min' as reference to global function in module 'Swift' will change in future versions of Swift to reference instance method in generic struct 'SIMD4' which comes via a conditional conformance
        let clampedZ = max(Scalar(0), min(Scalar(1), z))
                                      ^
/Users/themapleseedinc/.cursor/worktrees/MetalHead/eyc/MetalHeadEngine/Utilities/Extensions/SIMDExtensions.swift:164:39: note: use 'Swift.' to continue to reference the global function
        let clampedZ = max(Scalar(0), min(Scalar(1), z))
                                      ^
                                      Swift.

SwiftCompile normal arm64 Compiling\ Logger.swift /Users/themapleseedinc/.cursor/worktrees/MetalHead/eyc/MetalHeadEngine/Utilities/Logging/Logger.swift (in target 'MetalHeadEngine' from project 'MetalHead')

SwiftCompile normal arm64 /Users/themapleseedinc/.cursor/worktrees/MetalHead/eyc/MetalHeadEngine/Utilities/Logging/Logger.swift (in target 'MetalHeadEngine' from project 'MetalHead')
    cd /Users/themapleseedinc/.cursor/worktrees/MetalHead/eyc
    

SwiftCompile normal arm64 Compiling\ ComputeShaderManager.swift /Users/themapleseedinc/.cursor/worktrees/MetalHead/eyc/MetalHeadEngine/Core/Rendering/ComputeShaderManager.swift (in target 'MetalHeadEngine' from project 'MetalHead')

SwiftCompile normal arm64 /Users/themapleseedinc/.cursor/worktrees/MetalHead/eyc/MetalHeadEngine/Core/Rendering/ComputeShaderManager.swift (in target 'MetalHeadEngine' from project 'MetalHead')
    cd /Users/themapleseedinc/.cursor/worktrees/MetalHead/eyc
    

SwiftCompile normal arm64 Compiling\ DeferredRenderer.swift /Users/themapleseedinc/.cursor/worktrees/MetalHead/eyc/MetalHeadEngine/Core/Rendering/DeferredRenderer.swift (in target 'MetalHeadEngine' from project 'MetalHead')

SwiftCompile normal arm64 /Users/themapleseedinc/.cursor/worktrees/MetalHead/eyc/MetalHeadEngine/Core/Rendering/DeferredRenderer.swift (in target 'MetalHeadEngine' from project 'MetalHead')
    cd /Users/themapleseedinc/.cursor/worktrees/MetalHead/eyc
    

SwiftCompile normal arm64 Compiling\ MetalRenderingEngine.swift /Users/themapleseedinc/.cursor/worktrees/MetalHead/eyc/MetalHeadEngine/Core/Rendering/MetalRenderingEngine.swift (in target 'MetalHeadEngine' from project 'MetalHead')

SwiftCompile normal arm64 /Users/themapleseedinc/.cursor/worktrees/MetalHead/eyc/MetalHeadEngine/Core/Rendering/MetalRenderingEngine.swift (in target 'MetalHeadEngine' from project 'MetalHead')
    cd /Users/themapleseedinc/.cursor/worktrees/MetalHead/eyc
    
/Users/themapleseedinc/.cursor/worktrees/MetalHead/eyc/MetalHeadEngine/Core/Rendering/MetalRenderingEngine.swift:138:48: warning: comparing non-optional value of type 'any CAMetalDrawable' to 'nil' always returns true
                print("   Drawable: \(drawable != nil ? "✅" : "❌"), RenderPass: \(renderPassDescriptor != nil ? "✅" : "❌")")
/Users/themapleseedinc/.cursor/worktrees/MetalHead/eyc/MetalHeadEngine/Core/Rendering/MetalRenderingEngine.swift:138:108: warning: comparing non-optional value of type 'MTLRenderPassDescriptor' to 'nil' always returns true
                print("   Drawable: \(drawable != nil ? "✅" : "❌"), RenderPass: \(renderPassDescriptor != nil ? "✅" : "❌")")
/Users/themapleseedinc/.cursor/worktrees/MetalHead/eyc/MetalHeadEngine/Core/Rendering/MetalRenderingEngine.swift:562:27: warning: value 'self' was defined but never used; consider replacing with boolean test
                guard let self = self else { return }
                      ~~~~^~~~~~~
                                      != nil
/Users/themapleseedinc/.cursor/worktrees/MetalHead/eyc/MetalHeadEngine/Core/Rendering/MetalRenderingEngine.swift:516:43: warning: capture of 'parallelEncoder' with non-Sendable type 'any MTLParallelRenderCommandEncoder' in a '@Sendable' closure
                guard let renderEncoder = parallelEncoder.makeRenderCommandEncoder() else {
                                          ^
/Applications/Xcode.app/Contents/Developer/Platforms/MacOSX.platform/Developer/SDKs/MacOSX26.1.sdk/System/Library/Frameworks/Metal.framework/Headers/MTLParallelRenderCommandEncoder.h:22:11: note: protocol 'MTLParallelRenderCommandEncoder' does not conform to the 'Sendable' protocol
@protocol MTLParallelRenderCommandEncoder <MTLCommandEncoder>
          ^
/Users/themapleseedinc/.cursor/worktrees/MetalHead/eyc/MetalHeadEngine/Core/Rendering/MetalRenderingEngine.swift:1:1: warning: add '@preconcurrency' to treat 'Sendable'-related errors from module 'Metal' as warnings
import Metal
^
@preconcurrency 
/Users/themapleseedinc/.cursor/worktrees/MetalHead/eyc/MetalHeadEngine/Core/Rendering/MetalRenderingEngine.swift:522:57: warning: main actor-isolated property 'depthStencilState' can not be referenced from a Sendable closure
                renderEncoder.setDepthStencilState(self.depthStencilState)
                                                        ^
/Users/themapleseedinc/.cursor/worktrees/MetalHead/eyc/MetalHeadEngine/Core/Rendering/MetalRenderingEngine.swift:21:17: note: property declared here
    private var depthStencilState: MTLDepthStencilState!
                ^
/Users/themapleseedinc/.cursor/worktrees/MetalHead/eyc/MetalHeadEngine/Core/Rendering/MetalRenderingEngine.swift:524:52: warning: main actor-isolated property 'uniformBuffer' can not be referenced from a Sendable closure
                renderEncoder.setVertexBuffer(self.uniformBuffer, offset: 0, index: 1)
                                                   ^
/Users/themapleseedinc/.cursor/worktrees/MetalHead/eyc/MetalHeadEngine/Core/Rendering/MetalRenderingEngine.swift:26:17: note: property declared here
    private var uniformBuffer: MTLBuffer!
                ^
/Users/themapleseedinc/.cursor/worktrees/MetalHead/eyc/MetalHeadEngine/Core/Rendering/MetalRenderingEngine.swift:529:46: warning: main actor-isolated property 'sceneObjects' can not be referenced from a Sendable closure
                    guard objectIndex < self.sceneObjects.count else { break }
                                             ^
/Users/themapleseedinc/.cursor/worktrees/MetalHead/eyc/MetalHeadEngine/Core/Rendering/MetalRenderingEngine.swift:55:17: note: property declared here
    private var sceneObjects: [SceneObject] = []
                ^
/Users/themapleseedinc/.cursor/worktrees/MetalHead/eyc/MetalHeadEngine/Core/Rendering/MetalRenderingEngine.swift:530:39: warning: main actor-isolated property 'sceneObjects' can not be referenced from a Sendable closure
                    let object = self.sceneObjects[objectIndex]
                                      ^
/Users/themapleseedinc/.cursor/worktrees/MetalHead/eyc/MetalHeadEngine/Core/Rendering/MetalRenderingEngine.swift:55:17: note: property declared here
    private var sceneObjects: [SceneObject] = []
                ^

SwiftCompile normal arm64 Compiling\ PerformanceMonitor.swift /Users/themapleseedinc/.cursor/worktrees/MetalHead/eyc/MetalHeadEngine/Utilities/Performance/PerformanceMonitor.swift (in target 'MetalHeadEngine' from project 'MetalHead')

SwiftCompile normal arm64 /Users/themapleseedinc/.cursor/worktrees/MetalHead/eyc/MetalHeadEngine/Utilities/Performance/PerformanceMonitor.swift (in target 'MetalHeadEngine' from project 'MetalHead')
    cd /Users/themapleseedinc/.cursor/worktrees/MetalHead/eyc
    

SwiftDriverJobDiscovery normal arm64 Compiling ComputeShaderManager.swift (in target 'MetalHeadEngine' from project 'MetalHead')

SwiftDriverJobDiscovery normal arm64 Compiling Logger.swift (in target 'MetalHeadEngine' from project 'MetalHead')

SwiftDriverJobDiscovery normal arm64 Compiling DeferredRenderer.swift (in target 'MetalHeadEngine' from project 'MetalHead')

SwiftDriverJobDiscovery normal arm64 Compiling PerformanceMonitor.swift (in target 'MetalHeadEngine' from project 'MetalHead')

SwiftDriverJobDiscovery normal arm64 Emitting module for MetalHeadEngine (in target 'MetalHeadEngine' from project 'MetalHead')

SwiftDriver\ Compilation\ Requirements MetalHeadEngine normal arm64 com.apple.xcode.tools.swift.compiler (in target 'MetalHeadEngine' from project 'MetalHead')
    cd /Users/themapleseedinc/.cursor/worktrees/MetalHead/eyc
    builtin-Swift-Compilation-Requirements -- /Applications/Xcode.app/Contents/Developer/Toolchains/XcodeDefault.xctoolchain/usr/bin/swiftc -module-name MetalHeadEngine -Onone -enforce-exclusivity\=checked @/Users/themapleseedinc/Library/Developer/Xcode/DerivedData/MetalHead-dwcquabrrptfhxcuxkrazgvouwjo/Build/Intermediates.noindex/MetalHead.build/Debug/MetalHeadEngine.build/Objects-normal/arm64/MetalHeadEngine.SwiftFileList -DDEBUG -enable-experimental-feature DebugDescriptionMacro -sdk /Applications/Xcode.app/Contents/Developer/Platforms/MacOSX.platform/Developer/SDKs/MacOSX26.1.sdk -target arm64-apple-macos26.0 -g -module-cache-path /Users/themapleseedinc/Library/Developer/Xcode/DerivedData/ModuleCache.noindex -Xfrontend -serialize-debugging-options -enable-testing -index-store-path /Users/themapleseedinc/Library/Developer/Xcode/DerivedData/MetalHead-dwcquabrrptfhxcuxkrazgvouwjo/Index.noindex/DataStore -Xcc -D_LIBCPP_HARDENING_MODE\=_LIBCPP_HARDENING_MODE_DEBUG -swift-version 6 -I /Users/themapleseedinc/Library/Developer/Xcode/DerivedData/MetalHead-dwcquabrrptfhxcuxkrazgvouwjo/Build/Products/Debug -F /Users/themapleseedinc/Library/Developer/Xcode/DerivedData/MetalHead-dwcquabrrptfhxcuxkrazgvouwjo/Build/Products/Debug -c -j8 -enable-batch-mode -incremental -Xcc -ivfsstatcache -Xcc /Users/themapleseedinc/Library/Developer/Xcode/DerivedData/SDKStatCaches.noindex/macosx26.1-25B74-3885c01c3e6b6a337905948deab2002e3ae1261907bdadc328169391a47051a6.sdkstatcache -output-file-map /Users/themapleseedinc/Library/Developer/Xcode/DerivedData/MetalHead-dwcquabrrptfhxcuxkrazgvouwjo/Build/Intermediates.noindex/MetalHead.build/Debug/MetalHeadEngine.build/Objects-normal/arm64/MetalHeadEngine-OutputFileMap.json -use-frontend-parseable-output -save-temps -no-color-diagnostics -explicit-module-build -module-cache-path /Users/themapleseedinc/Library/Developer/Xcode/DerivedData/MetalHead-dwcquabrrptfhxcuxkrazgvouwjo/Build/Intermediates.noindex/SwiftExplicitPrecompiledModules -clang-scanner-module-cache-path /Users/themapleseedinc/Library/Developer/Xcode/DerivedData/ModuleCache.noindex -sdk-module-cache-path /Users/themapleseedinc/Library/Developer/Xcode/DerivedData/ModuleCache.noindex -serialize-diagnostics -emit-dependencies -emit-module -emit-module-path /Users/themapleseedinc/Library/Developer/Xcode/DerivedData/MetalHead-dwcquabrrptfhxcuxkrazgvouwjo/Build/Intermediates.noindex/MetalHead.build/Debug/MetalHeadEngine.build/Objects-normal/arm64/MetalHeadEngine.swiftmodule -emit-module-interface-path /Users/themapleseedinc/Library/Developer/Xcode/DerivedData/MetalHead-dwcquabrrptfhxcuxkrazgvouwjo/Build/Intermediates.noindex/MetalHead.build/Debug/MetalHeadEngine.build/Objects-normal/arm64/MetalHeadEngine.swiftinterface -emit-private-module-interface-path /Users/themapleseedinc/Library/Developer/Xcode/DerivedData/MetalHead-dwcquabrrptfhxcuxkrazgvouwjo/Build/Intermediates.noindex/MetalHead.build/Debug/MetalHeadEngine.build/Objects-normal/arm64/MetalHeadEngine.private.swiftinterface -validate-clang-modules-once -clang-build-session-file /Users/themapleseedinc/Library/Developer/Xcode/DerivedData/ModuleCache.noindex/Session.modulevalidation -Xcc -I/Users/themapleseedinc/Library/Developer/Xcode/DerivedData/MetalHead-dwcquabrrptfhxcuxkrazgvouwjo/Build/Intermediates.noindex/MetalHead.build/Debug/MetalHeadEngine.build/swift-overrides.hmap -emit-const-values -Xfrontend -const-gather-protocols-file -Xfrontend /Users/themapleseedinc/Library/Developer/Xcode/DerivedData/MetalHead-dwcquabrrptfhxcuxkrazgvouwjo/Build/Intermediates.noindex/MetalHead.build/Debug/MetalHeadEngine.build/Objects-normal/arm64/MetalHeadEngine_const_extract_protocols.json -Xcc -iquote -Xcc /Users/themapleseedinc/Library/Developer/Xcode/DerivedData/MetalHead-dwcquabrrptfhxcuxkrazgvouwjo/Build/Intermediates.noindex/MetalHead.build/Debug/MetalHeadEngine.build/MetalHeadEngine-generated-files.hmap -Xcc -I/Users/themapleseedinc/Library/Developer/Xcode/DerivedData/MetalHead-dwcquabrrptfhxcuxkrazgvouwjo/Build/Intermediates.noindex/MetalHead.build/Debug/MetalHeadEngine.build/MetalHeadEngine-own-target-headers.hmap -Xcc -I/Users/themapleseedinc/Library/Developer/Xcode/DerivedData/MetalHead-dwcquabrrptfhxcuxkrazgvouwjo/Build/Intermediates.noindex/MetalHead.build/Debug/MetalHeadEngine.build/MetalHeadEngine-all-non-framework-target-headers.hmap -Xcc -ivfsoverlay -Xcc /Users/themapleseedinc/Library/Developer/Xcode/DerivedData/MetalHead-dwcquabrrptfhxcuxkrazgvouwjo/Build/Intermediates.noindex/MetalHead.build/Debug/MetalHead-65e8f32d4af987da389b3742d35158af-VFS/all-product-headers.yaml -Xcc -iquote -Xcc /Users/themapleseedinc/Library/Developer/Xcode/DerivedData/MetalHead-dwcquabrrptfhxcuxkrazgvouwjo/Build/Intermediates.noindex/MetalHead.build/Debug/MetalHeadEngine.build/MetalHeadEngine-project-headers.hmap -Xcc -I/Users/themapleseedinc/Library/Developer/Xcode/DerivedData/MetalHead-dwcquabrrptfhxcuxkrazgvouwjo/Build/Products/Debug/include -Xcc -I/Users/themapleseedinc/Library/Developer/Xcode/DerivedData/MetalHead-dwcquabrrptfhxcuxkrazgvouwjo/Build/Intermediates.noindex/MetalHead.build/Debug/MetalHeadEngine.build/DerivedSources-normal/arm64 -Xcc -I/Users/themapleseedinc/Library/Developer/Xcode/DerivedData/MetalHead-dwcquabrrptfhxcuxkrazgvouwjo/Build/Intermediates.noindex/MetalHead.build/Debug/MetalHeadEngine.build/DerivedSources/arm64 -Xcc -I/Users/themapleseedinc/Library/Developer/Xcode/DerivedData/MetalHead-dwcquabrrptfhxcuxkrazgvouwjo/Build/Intermediates.noindex/MetalHead.build/Debug/MetalHeadEngine.build/DerivedSources -Xcc -DDEBUG\=1 -emit-objc-header -emit-objc-header-path /Users/themapleseedinc/Library/Developer/Xcode/DerivedData/MetalHead-dwcquabrrptfhxcuxkrazgvouwjo/Build/Intermediates.noindex/MetalHead.build/Debug/MetalHeadEngine.build/Objects-normal/arm64/MetalHeadEngine-Swift.h -no-verify-emitted-module-interface -working-directory /Users/themapleseedinc/.cursor/worktrees/MetalHead/eyc -experimental-emit-module-separately -disable-cmo

SwiftDriverJobDiscovery normal arm64 Compiling MetalRenderingEngine.swift (in target 'MetalHeadEngine' from project 'MetalHead')

SwiftDriverJobDiscovery normal arm64 Compiling SIMDExtensions.swift (in target 'MetalHeadEngine' from project 'MetalHead')

SwiftDriver\ Compilation MetalHeadEngine normal arm64 com.apple.xcode.tools.swift.compiler (in target 'MetalHeadEngine' from project 'MetalHead')
    cd /Users/themapleseedinc/.cursor/worktrees/MetalHead/eyc
    builtin-Swift-Compilation -- /Applications/Xcode.app/Contents/Developer/Toolchains/XcodeDefault.xctoolchain/usr/bin/swiftc -module-name MetalHeadEngine -Onone -enforce-exclusivity\=checked @/Users/themapleseedinc/Library/Developer/Xcode/DerivedData/MetalHead-dwcquabrrptfhxcuxkrazgvouwjo/Build/Intermediates.noindex/MetalHead.build/Debug/MetalHeadEngine.build/Objects-normal/arm64/MetalHeadEngine.SwiftFileList -DDEBUG -enable-experimental-feature DebugDescriptionMacro -sdk /Applications/Xcode.app/Contents/Developer/Platforms/MacOSX.platform/Developer/SDKs/MacOSX26.1.sdk -target arm64-apple-macos26.0 -g -module-cache-path /Users/themapleseedinc/Library/Developer/Xcode/DerivedData/ModuleCache.noindex -Xfrontend -serialize-debugging-options -enable-testing -index-store-path /Users/themapleseedinc/Library/Developer/Xcode/DerivedData/MetalHead-dwcquabrrptfhxcuxkrazgvouwjo/Index.noindex/DataStore -Xcc -D_LIBCPP_HARDENING_MODE\=_LIBCPP_HARDENING_MODE_DEBUG -swift-version 6 -I /Users/themapleseedinc/Library/Developer/Xcode/DerivedData/MetalHead-dwcquabrrptfhxcuxkrazgvouwjo/Build/Products/Debug -F /Users/themapleseedinc/Library/Developer/Xcode/DerivedData/MetalHead-dwcquabrrptfhxcuxkrazgvouwjo/Build/Products/Debug -c -j8 -enable-batch-mode -incremental -Xcc -ivfsstatcache -Xcc /Users/themapleseedinc/Library/Developer/Xcode/DerivedData/SDKStatCaches.noindex/macosx26.1-25B74-3885c01c3e6b6a337905948deab2002e3ae1261907bdadc328169391a47051a6.sdkstatcache -output-file-map /Users/themapleseedinc/Library/Developer/Xcode/DerivedData/MetalHead-dwcquabrrptfhxcuxkrazgvouwjo/Build/Intermediates.noindex/MetalHead.build/Debug/MetalHeadEngine.build/Objects-normal/arm64/MetalHeadEngine-OutputFileMap.json -use-frontend-parseable-output -save-temps -no-color-diagnostics -explicit-module-build -module-cache-path /Users/themapleseedinc/Library/Developer/Xcode/DerivedData/MetalHead-dwcquabrrptfhxcuxkrazgvouwjo/Build/Intermediates.noindex/SwiftExplicitPrecompiledModules -clang-scanner-module-cache-path /Users/themapleseedinc/Library/Developer/Xcode/DerivedData/ModuleCache.noindex -sdk-module-cache-path /Users/themapleseedinc/Library/Developer/Xcode/DerivedData/ModuleCache.noindex -serialize-diagnostics -emit-dependencies -emit-module -emit-module-path /Users/themapleseedinc/Library/Developer/Xcode/DerivedData/MetalHead-dwcquabrrptfhxcuxkrazgvouwjo/Build/Intermediates.noindex/MetalHead.build/Debug/MetalHeadEngine.build/Objects-normal/arm64/MetalHeadEngine.swiftmodule -emit-module-interface-path /Users/themapleseedinc/Library/Developer/Xcode/DerivedData/MetalHead-dwcquabrrptfhxcuxkrazgvouwjo/Build/Intermediates.noindex/MetalHead.build/Debug/MetalHeadEngine.build/Objects-normal/arm64/MetalHeadEngine.swiftinterface -emit-private-module-interface-path /Users/themapleseedinc/Library/Developer/Xcode/DerivedData/MetalHead-dwcquabrrptfhxcuxkrazgvouwjo/Build/Intermediates.noindex/MetalHead.build/Debug/MetalHeadEngine.build/Objects-normal/arm64/MetalHeadEngine.private.swiftinterface -validate-clang-modules-once -clang-build-session-file /Users/themapleseedinc/Library/Developer/Xcode/DerivedData/ModuleCache.noindex/Session.modulevalidation -Xcc -I/Users/themapleseedinc/Library/Developer/Xcode/DerivedData/MetalHead-dwcquabrrptfhxcuxkrazgvouwjo/Build/Intermediates.noindex/MetalHead.build/Debug/MetalHeadEngine.build/swift-overrides.hmap -emit-const-values -Xfrontend -const-gather-protocols-file -Xfrontend /Users/themapleseedinc/Library/Developer/Xcode/DerivedData/MetalHead-dwcquabrrptfhxcuxkrazgvouwjo/Build/Intermediates.noindex/MetalHead.build/Debug/MetalHeadEngine.build/Objects-normal/arm64/MetalHeadEngine_const_extract_protocols.json -Xcc -iquote -Xcc /Users/themapleseedinc/Library/Developer/Xcode/DerivedData/MetalHead-dwcquabrrptfhxcuxkrazgvouwjo/Build/Intermediates.noindex/MetalHead.build/Debug/MetalHeadEngine.build/MetalHeadEngine-generated-files.hmap -Xcc -I/Users/themapleseedinc/Library/Developer/Xcode/DerivedData/MetalHead-dwcquabrrptfhxcuxkrazgvouwjo/Build/Intermediates.noindex/MetalHead.build/Debug/MetalHeadEngine.build/MetalHeadEngine-own-target-headers.hmap -Xcc -I/Users/themapleseedinc/Library/Developer/Xcode/DerivedData/MetalHead-dwcquabrrptfhxcuxkrazgvouwjo/Build/Intermediates.noindex/MetalHead.build/Debug/MetalHeadEngine.build/MetalHeadEngine-all-non-framework-target-headers.hmap -Xcc -ivfsoverlay -Xcc /Users/themapleseedinc/Library/Developer/Xcode/DerivedData/MetalHead-dwcquabrrptfhxcuxkrazgvouwjo/Build/Intermediates.noindex/MetalHead.build/Debug/MetalHead-65e8f32d4af987da389b3742d35158af-VFS/all-product-headers.yaml -Xcc -iquote -Xcc /Users/themapleseedinc/Library/Developer/Xcode/DerivedData/MetalHead-dwcquabrrptfhxcuxkrazgvouwjo/Build/Intermediates.noindex/MetalHead.build/Debug/MetalHeadEngine.build/MetalHeadEngine-project-headers.hmap -Xcc -I/Users/themapleseedinc/Library/Developer/Xcode/DerivedData/MetalHead-dwcquabrrptfhxcuxkrazgvouwjo/Build/Products/Debug/include -Xcc -I/Users/themapleseedinc/Library/Developer/Xcode/DerivedData/MetalHead-dwcquabrrptfhxcuxkrazgvouwjo/Build/Intermediates.noindex/MetalHead.build/Debug/MetalHeadEngine.build/DerivedSources-normal/arm64 -Xcc -I/Users/themapleseedinc/Library/Developer/Xcode/DerivedData/MetalHead-dwcquabrrptfhxcuxkrazgvouwjo/Build/Intermediates.noindex/MetalHead.build/Debug/MetalHeadEngine.build/DerivedSources/arm64 -Xcc -I/Users/themapleseedinc/Library/Developer/Xcode/DerivedData/MetalHead-dwcquabrrptfhxcuxkrazgvouwjo/Build/Intermediates.noindex/MetalHead.build/Debug/MetalHeadEngine.build/DerivedSources -Xcc -DDEBUG\=1 -emit-objc-header -emit-objc-header-path /Users/themapleseedinc/Library/Developer/Xcode/DerivedData/MetalHead-dwcquabrrptfhxcuxkrazgvouwjo/Build/Intermediates.noindex/MetalHead.build/Debug/MetalHeadEngine.build/Objects-normal/arm64/MetalHeadEngine-Swift.h -no-verify-emitted-module-interface -working-directory /Users/themapleseedinc/.cursor/worktrees/MetalHead/eyc -experimental-emit-module-separately -disable-cmo

Ld /Users/themapleseedinc/Library/Developer/Xcode/DerivedData/MetalHead-dwcquabrrptfhxcuxkrazgvouwjo/Build/Products/Debug/MetalHeadEngine.framework/Versions/A/MetalHeadEngine normal (in target 'MetalHeadEngine' from project 'MetalHead')
    cd /Users/themapleseedinc/.cursor/worktrees/MetalHead/eyc
    /Applications/Xcode.app/Contents/Developer/Toolchains/XcodeDefault.xctoolchain/usr/bin/clang -Xlinker -reproducible -target arm64-apple-macos26.0 -dynamiclib -isysroot /Applications/Xcode.app/Contents/Developer/Platforms/MacOSX.platform/Developer/SDKs/MacOSX26.1.sdk -O0 -L/Users/themapleseedinc/Library/Developer/Xcode/DerivedData/MetalHead-dwcquabrrptfhxcuxkrazgvouwjo/Build/Intermediates.noindex/EagerLinkingTBDs/Debug -L/Users/themapleseedinc/Library/Developer/Xcode/DerivedData/MetalHead-dwcquabrrptfhxcuxkrazgvouwjo/Build/Products/Debug -F/Users/themapleseedinc/Library/Developer/Xcode/DerivedData/MetalHead-dwcquabrrptfhxcuxkrazgvouwjo/Build/Intermediates.noindex/EagerLinkingTBDs/Debug -F/Users/themapleseedinc/Library/Developer/Xcode/DerivedData/MetalHead-dwcquabrrptfhxcuxkrazgvouwjo/Build/Products/Debug -filelist /Users/themapleseedinc/Library/Developer/Xcode/DerivedData/MetalHead-dwcquabrrptfhxcuxkrazgvouwjo/Build/Intermediates.noindex/MetalHead.build/Debug/MetalHeadEngine.build/Objects-normal/arm64/MetalHeadEngine.LinkFileList -install_name @rpath/MetalHeadEngine.framework/Versions/A/MetalHeadEngine -Xlinker -rpath -Xlinker @executable_path/../Frameworks -Xlinker -rpath -Xlinker @loader_path/Frameworks -Xlinker -object_path_lto -Xlinker /Users/themapleseedinc/Library/Developer/Xcode/DerivedData/MetalHead-dwcquabrrptfhxcuxkrazgvouwjo/Build/Intermediates.noindex/MetalHead.build/Debug/MetalHeadEngine.build/Objects-normal/arm64/MetalHeadEngine_lto.o -rdynamic -Xlinker -no_deduplicate -Xlinker -dependency_info -Xlinker /Users/themapleseedinc/Library/Developer/Xcode/DerivedData/MetalHead-dwcquabrrptfhxcuxkrazgvouwjo/Build/Intermediates.noindex/MetalHead.build/Debug/MetalHeadEngine.build/Objects-normal/arm64/MetalHeadEngine_dependency_info.dat -fobjc-link-runtime -L/Applications/Xcode.app/Contents/Developer/Toolchains/XcodeDefault.xctoolchain/usr/lib/swift/macosx -L/usr/lib/swift -Xlinker -add_ast_path -Xlinker /Users/themapleseedinc/Library/Developer/Xcode/DerivedData/MetalHead-dwcquabrrptfhxcuxkrazgvouwjo/Build/Intermediates.noindex/MetalHead.build/Debug/MetalHeadEngine.build/Objects-normal/arm64/MetalHeadEngine.swiftmodule @/Users/themapleseedinc/Library/Developer/Xcode/DerivedData/MetalHead-dwcquabrrptfhxcuxkrazgvouwjo/Build/Intermediates.noindex/MetalHead.build/Debug/MetalHeadEngine.build/Objects-normal/arm64/MetalHeadEngine-linker-args.resp -Xlinker -no_adhoc_codesign -compatibility_version 1 -current_version 1 -o /Users/themapleseedinc/Library/Developer/Xcode/DerivedData/MetalHead-dwcquabrrptfhxcuxkrazgvouwjo/Build/Products/Debug/MetalHeadEngine.framework/Versions/A/MetalHeadEngine

CompileMetalFile /Users/themapleseedinc/.cursor/worktrees/MetalHead/eyc/MetalHeadEngine/Core/Rendering/Shaders.metal (in target 'MetalHeadEngine' from project 'MetalHead')
    cd /Users/themapleseedinc/.cursor/worktrees/MetalHead/eyc
    /var/run/com.apple.security.cryptexd/mnt/com.apple.MobileAsset.MetalToolchain-v17.2.54.0.5FJQsW/Metal.xctoolchain/usr/bin/metal -c -target air64-apple-macos26.0 -gline-tables-only -frecord-sources -I/Users/themapleseedinc/Library/Developer/Xcode/DerivedData/MetalHead-dwcquabrrptfhxcuxkrazgvouwjo/Build/Products/Debug/include -F/Users/themapleseedinc/Library/Developer/Xcode/DerivedData/MetalHead-dwcquabrrptfhxcuxkrazgvouwjo/Build/Products/Debug -isysroot /Applications/Xcode.app/Contents/Developer/Platforms/MacOSX.platform/Developer/SDKs/MacOSX26.1.sdk -fmetal-math-mode\=fast -fmetal-math-fp32-functions\=fast -serialize-diagnostics /Users/themapleseedinc/Library/Developer/Xcode/DerivedData/MetalHead-dwcquabrrptfhxcuxkrazgvouwjo/Build/Intermediates.noindex/MetalHead.build/Debug/MetalHeadEngine.build/Metal/Shaders.dia -o /Users/themapleseedinc/Library/Developer/Xcode/DerivedData/MetalHead-dwcquabrrptfhxcuxkrazgvouwjo/Build/Intermediates.noindex/MetalHead.build/Debug/MetalHeadEngine.build/Metal/Shaders.air -index-store-path /Users/themapleseedinc/Library/Developer/Xcode/DerivedData/MetalHead-dwcquabrrptfhxcuxkrazgvouwjo/Index.noindex/DataStore -MMD -MT dependencies -MF /Users/themapleseedinc/Library/Developer/Xcode/DerivedData/MetalHead-dwcquabrrptfhxcuxkrazgvouwjo/Build/Intermediates.noindex/MetalHead.build/Debug/MetalHeadEngine.build/Metal/Shaders.dat /Users/themapleseedinc/.cursor/worktrees/MetalHead/eyc/MetalHeadEngine/Core/Rendering/Shaders.metal

Copy /Users/themapleseedinc/Library/Developer/Xcode/DerivedData/MetalHead-dwcquabrrptfhxcuxkrazgvouwjo/Build/Products/Debug/MetalHeadEngine.framework/Versions/A/Modules/MetalHeadEngine.swiftmodule/arm64-apple-macos.abi.json /Users/themapleseedinc/Library/Developer/Xcode/DerivedData/MetalHead-dwcquabrrptfhxcuxkrazgvouwjo/Build/Intermediates.noindex/MetalHead.build/Debug/MetalHeadEngine.build/Objects-normal/arm64/MetalHeadEngine.abi.json (in target 'MetalHeadEngine' from project 'MetalHead')
    cd /Users/themapleseedinc/.cursor/worktrees/MetalHead/eyc
    builtin-copy -exclude .DS_Store -exclude CVS -exclude .svn -exclude .git -exclude .hg -resolve-src-symlinks -rename /Users/themapleseedinc/Library/Developer/Xcode/DerivedData/MetalHead-dwcquabrrptfhxcuxkrazgvouwjo/Build/Intermediates.noindex/MetalHead.build/Debug/MetalHeadEngine.build/Objects-normal/arm64/MetalHeadEngine.abi.json /Users/themapleseedinc/Library/Developer/Xcode/DerivedData/MetalHead-dwcquabrrptfhxcuxkrazgvouwjo/Build/Products/Debug/MetalHeadEngine.framework/Versions/A/Modules/MetalHeadEngine.swiftmodule/arm64-apple-macos.abi.json

Copy /Users/themapleseedinc/Library/Developer/Xcode/DerivedData/MetalHead-dwcquabrrptfhxcuxkrazgvouwjo/Build/Products/Debug/MetalHeadEngine.framework/Versions/A/Modules/MetalHeadEngine.swiftmodule/Project/arm64-apple-macos.swiftsourceinfo /Users/themapleseedinc/Library/Developer/Xcode/DerivedData/MetalHead-dwcquabrrptfhxcuxkrazgvouwjo/Build/Intermediates.noindex/MetalHead.build/Debug/MetalHeadEngine.build/Objects-normal/arm64/MetalHeadEngine.swiftsourceinfo (in target 'MetalHeadEngine' from project 'MetalHead')
    cd /Users/themapleseedinc/.cursor/worktrees/MetalHead/eyc
    builtin-copy -exclude .DS_Store -exclude CVS -exclude .svn -exclude .git -exclude .hg -resolve-src-symlinks -rename /Users/themapleseedinc/Library/Developer/Xcode/DerivedData/MetalHead-dwcquabrrptfhxcuxkrazgvouwjo/Build/Intermediates.noindex/MetalHead.build/Debug/MetalHeadEngine.build/Objects-normal/arm64/MetalHeadEngine.swiftsourceinfo /Users/themapleseedinc/Library/Developer/Xcode/DerivedData/MetalHead-dwcquabrrptfhxcuxkrazgvouwjo/Build/Products/Debug/MetalHeadEngine.framework/Versions/A/Modules/MetalHeadEngine.swiftmodule/Project/arm64-apple-macos.swiftsourceinfo

MetalLink /Users/themapleseedinc/Library/Developer/Xcode/DerivedData/MetalHead-dwcquabrrptfhxcuxkrazgvouwjo/Build/Products/Debug/MetalHeadEngine.framework/Versions/A/Resources/default.metallib (in target 'MetalHeadEngine' from project 'MetalHead')
    cd /Users/themapleseedinc/.cursor/worktrees/MetalHead/eyc
    /var/run/com.apple.security.cryptexd/mnt/com.apple.MobileAsset.MetalToolchain-v17.2.54.0.5FJQsW/Metal.xctoolchain/usr/bin/metal -target air64-apple-macos26.0 -frecord-sources -o /Users/themapleseedinc/Library/Developer/Xcode/DerivedData/MetalHead-dwcquabrrptfhxcuxkrazgvouwjo/Build/Products/Debug/MetalHeadEngine.framework/Versions/A/Resources/default.metallib /Users/themapleseedinc/Library/Developer/Xcode/DerivedData/MetalHead-dwcquabrrptfhxcuxkrazgvouwjo/Build/Intermediates.noindex/MetalHead.build/Debug/MetalHeadEngine.build/Metal/Shaders.air

ExtractAppIntentsMetadata (in target 'MetalHeadEngine' from project 'MetalHead')
    cd /Users/themapleseedinc/.cursor/worktrees/MetalHead/eyc
    /Applications/Xcode.app/Contents/Developer/Toolchains/XcodeDefault.xctoolchain/usr/bin/appintentsmetadataprocessor --toolchain-dir /var/run/com.apple.security.cryptexd/mnt/com.apple.MobileAsset.MetalToolchain-v17.2.54.0.5FJQsW/Metal.xctoolchain --module-name MetalHeadEngine --sdk-root /Applications/Xcode.app/Contents/Developer/Platforms/MacOSX.platform/Developer/SDKs/MacOSX26.1.sdk --xcode-version 17B100 --platform-family macOS --deployment-target 26.0 --bundle-identifier com.metalhead.engine.MetalHeadEngine --output /Users/themapleseedinc/Library/Developer/Xcode/DerivedData/MetalHead-dwcquabrrptfhxcuxkrazgvouwjo/Build/Products/Debug/MetalHeadEngine.framework/Versions/A/Resources --target-triple arm64-apple-macos26.0 --binary-file /Users/themapleseedinc/Library/Developer/Xcode/DerivedData/MetalHead-dwcquabrrptfhxcuxkrazgvouwjo/Build/Products/Debug/MetalHeadEngine.framework/Versions/A/MetalHeadEngine --dependency-file /Users/themapleseedinc/Library/Developer/Xcode/DerivedData/MetalHead-dwcquabrrptfhxcuxkrazgvouwjo/Build/Intermediates.noindex/MetalHead.build/Debug/MetalHeadEngine.build/Objects-normal/arm64/MetalHeadEngine_dependency_info.dat --stringsdata-file /Users/themapleseedinc/Library/Developer/Xcode/DerivedData/MetalHead-dwcquabrrptfhxcuxkrazgvouwjo/Build/Intermediates.noindex/MetalHead.build/Debug/MetalHeadEngine.build/Objects-normal/arm64/ExtractedAppShortcutsMetadata.stringsdata --source-file-list /Users/themapleseedinc/Library/Developer/Xcode/DerivedData/MetalHead-dwcquabrrptfhxcuxkrazgvouwjo/Build/Intermediates.noindex/MetalHead.build/Debug/MetalHeadEngine.build/Objects-normal/arm64/MetalHeadEngine.SwiftFileList --metadata-file-list /Users/themapleseedinc/Library/Developer/Xcode/DerivedData/MetalHead-dwcquabrrptfhxcuxkrazgvouwjo/Build/Intermediates.noindex/MetalHead.build/Debug/MetalHeadEngine.build/MetalHeadEngine.DependencyMetadataFileList --static-metadata-file-list /Users/themapleseedinc/Library/Developer/Xcode/DerivedData/MetalHead-dwcquabrrptfhxcuxkrazgvouwjo/Build/Intermediates.noindex/MetalHead.build/Debug/MetalHeadEngine.build/MetalHeadEngine.DependencyStaticMetadataFileList --swift-const-vals-list /Users/themapleseedinc/Library/Developer/Xcode/DerivedData/MetalHead-dwcquabrrptfhxcuxkrazgvouwjo/Build/Intermediates.noindex/MetalHead.build/Debug/MetalHeadEngine.build/Objects-normal/arm64/MetalHeadEngine.SwiftConstValuesFileList --compile-time-extraction --deployment-aware-processing --validate-assistant-intents --no-app-shortcuts-localization
2025-11-29 19:30:47.076 appintentsmetadataprocessor[3204:70100] Starting appintentsmetadataprocessor export
2025-11-29 19:30:47.080 appintentsmetadataprocessor[3204:70100] warning: Metadata extraction skipped. No AppIntents.framework dependency found.

ProcessInfoPlistFile /Users/themapleseedinc/Library/Developer/Xcode/DerivedData/MetalHead-dwcquabrrptfhxcuxkrazgvouwjo/Build/Products/Debug/MetalHeadEngine.framework/Versions/A/Resources/Info.plist /Users/themapleseedinc/Library/Developer/Xcode/DerivedData/MetalHead-dwcquabrrptfhxcuxkrazgvouwjo/Build/Intermediates.noindex/MetalHead.build/Debug/MetalHeadEngine.build/empty-MetalHeadEngine.plist (in target 'MetalHeadEngine' from project 'MetalHead')
    cd /Users/themapleseedinc/.cursor/worktrees/MetalHead/eyc
    builtin-infoPlistUtility /Users/themapleseedinc/Library/Developer/Xcode/DerivedData/MetalHead-dwcquabrrptfhxcuxkrazgvouwjo/Build/Intermediates.noindex/MetalHead.build/Debug/MetalHeadEngine.build/empty-MetalHeadEngine.plist -producttype com.apple.product-type.framework -expandbuildsettings -platform macosx -o /Users/themapleseedinc/Library/Developer/Xcode/DerivedData/MetalHead-dwcquabrrptfhxcuxkrazgvouwjo/Build/Products/Debug/MetalHeadEngine.framework/Versions/A/Resources/Info.plist

GenerateTAPI /Users/themapleseedinc/Library/Developer/Xcode/DerivedData/MetalHead-dwcquabrrptfhxcuxkrazgvouwjo/Build/Intermediates.noindex/EagerLinkingTBDs/Debug/MetalHeadEngine.framework/Versions/A/MetalHeadEngine.tbd (in target 'MetalHeadEngine' from project 'MetalHead')
    cd /Users/themapleseedinc/.cursor/worktrees/MetalHead/eyc
    /Applications/Xcode.app/Contents/Developer/Toolchains/XcodeDefault.xctoolchain/usr/bin/tapi stubify -isysroot /Applications/Xcode.app/Contents/Developer/Platforms/MacOSX.platform/Developer/SDKs/MacOSX26.1.sdk -F/Users/themapleseedinc/Library/Developer/Xcode/DerivedData/MetalHead-dwcquabrrptfhxcuxkrazgvouwjo/Build/Products/Debug -L/Users/themapleseedinc/Library/Developer/Xcode/DerivedData/MetalHead-dwcquabrrptfhxcuxkrazgvouwjo/Build/Products/Debug /Users/themapleseedinc/Library/Developer/Xcode/DerivedData/MetalHead-dwcquabrrptfhxcuxkrazgvouwjo/Build/Products/Debug/MetalHeadEngine.framework/Versions/A/MetalHeadEngine -o /Users/themapleseedinc/Library/Developer/Xcode/DerivedData/MetalHead-dwcquabrrptfhxcuxkrazgvouwjo/Build/Intermediates.noindex/EagerLinkingTBDs/Debug/MetalHeadEngine.framework/Versions/A/MetalHeadEngine.tbd

ProcessProductPackaging /Users/themapleseedinc/.cursor/worktrees/MetalHead/eyc/MetalHead/MetalHead.entitlements /Users/themapleseedinc/Library/Developer/Xcode/DerivedData/MetalHead-dwcquabrrptfhxcuxkrazgvouwjo/Build/Intermediates.noindex/MetalHead.build/Debug/MetalHead.build/MetalHead.app.xcent (in target 'MetalHead' from project 'MetalHead')
    cd /Users/themapleseedinc/.cursor/worktrees/MetalHead/eyc
    
    Entitlements:
    
    {
    "com.apple.security.app-sandbox" = 1;
    "com.apple.security.device.audio-input" = 1;
    "com.apple.security.device.camera" = 1;
    "com.apple.security.files.user-selected.read-write" = 1;
    "com.apple.security.get-task-allow" = 1;
    "com.apple.security.network.client" = 1;
    "com.apple.security.network.server" = 1;
}
    
    builtin-productPackagingUtility /Users/themapleseedinc/.cursor/worktrees/MetalHead/eyc/MetalHead/MetalHead.entitlements -entitlements -format xml -o /Users/themapleseedinc/Library/Developer/Xcode/DerivedData/MetalHead-dwcquabrrptfhxcuxkrazgvouwjo/Build/Intermediates.noindex/MetalHead.build/Debug/MetalHead.build/MetalHead.app.xcent

CodeSign /Users/themapleseedinc/Library/Developer/Xcode/DerivedData/MetalHead-dwcquabrrptfhxcuxkrazgvouwjo/Build/Products/Debug/MetalHeadEngine.framework/Versions/A (in target 'MetalHeadEngine' from project 'MetalHead')
    cd /Users/themapleseedinc/.cursor/worktrees/MetalHead/eyc
    
    Signing Identity:     "Sign to Run Locally"
    
    /usr/bin/codesign --force --sign - --timestamp\=none --generate-entitlement-der /Users/themapleseedinc/Library/Developer/Xcode/DerivedData/MetalHead-dwcquabrrptfhxcuxkrazgvouwjo/Build/Products/Debug/MetalHeadEngine.framework/Versions/A

ProcessProductPackagingDER /Users/themapleseedinc/Library/Developer/Xcode/DerivedData/MetalHead-dwcquabrrptfhxcuxkrazgvouwjo/Build/Intermediates.noindex/MetalHead.build/Debug/MetalHead.build/MetalHead.app.xcent /Users/themapleseedinc/Library/Developer/Xcode/DerivedData/MetalHead-dwcquabrrptfhxcuxkrazgvouwjo/Build/Intermediates.noindex/MetalHead.build/Debug/MetalHead.build/MetalHead.app.xcent.der (in target 'MetalHead' from project 'MetalHead')
    cd /Users/themapleseedinc/.cursor/worktrees/MetalHead/eyc
    /usr/bin/derq query -f xml -i /Users/themapleseedinc/Library/Developer/Xcode/DerivedData/MetalHead-dwcquabrrptfhxcuxkrazgvouwjo/Build/Intermediates.noindex/MetalHead.build/Debug/MetalHead.build/MetalHead.app.xcent -o /Users/themapleseedinc/Library/Developer/Xcode/DerivedData/MetalHead-dwcquabrrptfhxcuxkrazgvouwjo/Build/Intermediates.noindex/MetalHead.build/Debug/MetalHead.build/MetalHead.app.xcent.der --raw

SwiftDriver MetalHead normal arm64 com.apple.xcode.tools.swift.compiler (in target 'MetalHead' from project 'MetalHead')
    cd /Users/themapleseedinc/.cursor/worktrees/MetalHead/eyc
    builtin-SwiftDriver -- /Applications/Xcode.app/Contents/Developer/Toolchains/XcodeDefault.xctoolchain/usr/bin/swiftc -module-name MetalHead -Onone -enforce-exclusivity\=checked @/Users/themapleseedinc/Library/Developer/Xcode/DerivedData/MetalHead-dwcquabrrptfhxcuxkrazgvouwjo/Build/Intermediates.noindex/MetalHead.build/Debug/MetalHead.build/Objects-normal/arm64/MetalHead.SwiftFileList -DDEBUG -enable-experimental-feature DebugDescriptionMacro -sdk /Applications/Xcode.app/Contents/Developer/Platforms/MacOSX.platform/Developer/SDKs/MacOSX26.1.sdk -target arm64-apple-macos26.1 -g -module-cache-path /Users/themapleseedinc/Library/Developer/Xcode/DerivedData/ModuleCache.noindex -Xfrontend -serialize-debugging-options -enable-testing -index-store-path /Users/themapleseedinc/Library/Developer/Xcode/DerivedData/MetalHead-dwcquabrrptfhxcuxkrazgvouwjo/Index.noindex/DataStore -Xcc -D_LIBCPP_HARDENING_MODE\=_LIBCPP_HARDENING_MODE_DEBUG -swift-version 6 -I /Users/themapleseedinc/Library/Developer/Xcode/DerivedData/MetalHead-dwcquabrrptfhxcuxkrazgvouwjo/Build/Products/Debug -F /Users/themapleseedinc/Library/Developer/Xcode/DerivedData/MetalHead-dwcquabrrptfhxcuxkrazgvouwjo/Build/Products/Debug -emit-localized-strings -emit-localized-strings-path /Users/themapleseedinc/Library/Developer/Xcode/DerivedData/MetalHead-dwcquabrrptfhxcuxkrazgvouwjo/Build/Intermediates.noindex/MetalHead.build/Debug/MetalHead.build/Objects-normal/arm64 -c -j8 -enable-batch-mode -incremental -Xcc -ivfsstatcache -Xcc /Users/themapleseedinc/Library/Developer/Xcode/DerivedData/SDKStatCaches.noindex/macosx26.1-25B74-3885c01c3e6b6a337905948deab2002e3ae1261907bdadc328169391a47051a6.sdkstatcache -output-file-map /Users/themapleseedinc/Library/Developer/Xcode/DerivedData/MetalHead-dwcquabrrptfhxcuxkrazgvouwjo/Build/Intermediates.noindex/MetalHead.build/Debug/MetalHead.build/Objects-normal/arm64/MetalHead-OutputFileMap.json -use-frontend-parseable-output -save-temps -no-color-diagnostics -explicit-module-build -module-cache-path /Users/themapleseedinc/Library/Developer/Xcode/DerivedData/MetalHead-dwcquabrrptfhxcuxkrazgvouwjo/Build/Intermediates.noindex/SwiftExplicitPrecompiledModules -clang-scanner-module-cache-path /Users/themapleseedinc/Library/Developer/Xcode/DerivedData/ModuleCache.noindex -sdk-module-cache-path /Users/themapleseedinc/Library/Developer/Xcode/DerivedData/ModuleCache.noindex -serialize-diagnostics -emit-dependencies -emit-module -emit-module-path /Users/themapleseedinc/Library/Developer/Xcode/DerivedData/MetalHead-dwcquabrrptfhxcuxkrazgvouwjo/Build/Intermediates.noindex/MetalHead.build/Debug/MetalHead.build/Objects-normal/arm64/MetalHead.swiftmodule -validate-clang-modules-once -clang-build-session-file /Users/themapleseedinc/Library/Developer/Xcode/DerivedData/ModuleCache.noindex/Session.modulevalidation -Xcc -I/Users/themapleseedinc/Library/Developer/Xcode/DerivedData/MetalHead-dwcquabrrptfhxcuxkrazgvouwjo/Build/Intermediates.noindex/MetalHead.build/Debug/MetalHead.build/swift-overrides.hmap -emit-const-values -Xfrontend -const-gather-protocols-file -Xfrontend /Users/themapleseedinc/Library/Developer/Xcode/DerivedData/MetalHead-dwcquabrrptfhxcuxkrazgvouwjo/Build/Intermediates.noindex/MetalHead.build/Debug/MetalHead.build/Objects-normal/arm64/MetalHead_const_extract_protocols.json -Xcc -iquote -Xcc /Users/themapleseedinc/Library/Developer/Xcode/DerivedData/MetalHead-dwcquabrrptfhxcuxkrazgvouwjo/Build/Intermediates.noindex/MetalHead.build/Debug/MetalHead.build/MetalHead-generated-files.hmap -Xcc -I/Users/themapleseedinc/Library/Developer/Xcode/DerivedData/MetalHead-dwcquabrrptfhxcuxkrazgvouwjo/Build/Intermediates.noindex/MetalHead.build/Debug/MetalHead.build/MetalHead-own-target-headers.hmap -Xcc -I/Users/themapleseedinc/Library/Developer/Xcode/DerivedData/MetalHead-dwcquabrrptfhxcuxkrazgvouwjo/Build/Intermediates.noindex/MetalHead.build/Debug/MetalHead.build/MetalHead-all-non-framework-target-headers.hmap -Xcc -ivfsoverlay -Xcc /Users/themapleseedinc/Library/Developer/Xcode/DerivedData/MetalHead-dwcquabrrptfhxcuxkrazgvouwjo/Build/Intermediates.noindex/MetalHead.build/Debug/MetalHead-65e8f32d4af987da389b3742d35158af-VFS/all-product-headers.yaml -Xcc -iquote -Xcc /Users/themapleseedinc/Library/Developer/Xcode/DerivedData/MetalHead-dwcquabrrptfhxcuxkrazgvouwjo/Build/Intermediates.noindex/MetalHead.build/Debug/MetalHead.build/MetalHead-project-headers.hmap -Xcc -I/Users/themapleseedinc/Library/Developer/Xcode/DerivedData/MetalHead-dwcquabrrptfhxcuxkrazgvouwjo/Build/Products/Debug/include -Xcc -I/Users/themapleseedinc/Library/Developer/Xcode/DerivedData/MetalHead-dwcquabrrptfhxcuxkrazgvouwjo/Build/Intermediates.noindex/MetalHead.build/Debug/MetalHead.build/DerivedSources-normal/arm64 -Xcc -I/Users/themapleseedinc/Library/Developer/Xcode/DerivedData/MetalHead-dwcquabrrptfhxcuxkrazgvouwjo/Build/Intermediates.noindex/MetalHead.build/Debug/MetalHead.build/DerivedSources/arm64 -Xcc -I/Users/themapleseedinc/Library/Developer/Xcode/DerivedData/MetalHead-dwcquabrrptfhxcuxkrazgvouwjo/Build/Intermediates.noindex/MetalHead.build/Debug/MetalHead.build/DerivedSources -Xcc -DDEBUG\=1 -emit-objc-header -emit-objc-header-path /Users/themapleseedinc/Library/Developer/Xcode/DerivedData/MetalHead-dwcquabrrptfhxcuxkrazgvouwjo/Build/Intermediates.noindex/MetalHead.build/Debug/MetalHead.build/Objects-normal/arm64/MetalHead-Swift.h -working-directory /Users/themapleseedinc/.cursor/worktrees/MetalHead/eyc -experimental-emit-module-separately -disable-cmo

Ld /Users/themapleseedinc/Library/Developer/Xcode/DerivedData/MetalHead-dwcquabrrptfhxcuxkrazgvouwjo/Build/Products/Debug/MetalHead.app/Contents/MacOS/__preview.dylib normal (in target 'MetalHead' from project 'MetalHead')
    cd /Users/themapleseedinc/.cursor/worktrees/MetalHead/eyc
    /Applications/Xcode.app/Contents/Developer/Toolchains/XcodeDefault.xctoolchain/usr/bin/clang -Xlinker -reproducible -target arm64-apple-macos26.1 -dynamiclib -isysroot /Applications/Xcode.app/Contents/Developer/Platforms/MacOSX.platform/Developer/SDKs/MacOSX26.1.sdk -O0 -L/Users/themapleseedinc/Library/Developer/Xcode/DerivedData/MetalHead-dwcquabrrptfhxcuxkrazgvouwjo/Build/Products/Debug -F/Users/themapleseedinc/Library/Developer/Xcode/DerivedData/MetalHead-dwcquabrrptfhxcuxkrazgvouwjo/Build/Products/Debug -install_name @rpath/MetalHead.debug.dylib -rdynamic -Xlinker -no_deduplicate -Xlinker -dependency_info -Xlinker /Users/themapleseedinc/Library/Developer/Xcode/DerivedData/MetalHead-dwcquabrrptfhxcuxkrazgvouwjo/Build/Intermediates.noindex/MetalHead.build/Debug/MetalHead.build/Objects-normal/arm64/MetalHead_dependency_info.dat -Xlinker -no_adhoc_codesign -o /Users/themapleseedinc/Library/Developer/Xcode/DerivedData/MetalHead-dwcquabrrptfhxcuxkrazgvouwjo/Build/Products/Debug/MetalHead.app/Contents/MacOS/__preview.dylib

SwiftCompile normal arm64 Compiling\ MetalHeadApp.swift /Users/themapleseedinc/.cursor/worktrees/MetalHead/eyc/MetalHead/MetalHeadApp.swift (in target 'MetalHead' from project 'MetalHead')

SwiftCompile normal arm64 /Users/themapleseedinc/.cursor/worktrees/MetalHead/eyc/MetalHead/MetalHeadApp.swift (in target 'MetalHead' from project 'MetalHead')
    cd /Users/themapleseedinc/.cursor/worktrees/MetalHead/eyc
    

SwiftEmitModule normal arm64 Emitting\ module\ for\ MetalHead (in target 'MetalHead' from project 'MetalHead')

EmitSwiftModule normal arm64 (in target 'MetalHead' from project 'MetalHead')
    cd /Users/themapleseedinc/.cursor/worktrees/MetalHead/eyc
    

SwiftDriverJobDiscovery normal arm64 Emitting module for MetalHead (in target 'MetalHead' from project 'MetalHead')

SwiftDriver\ Compilation\ Requirements MetalHead normal arm64 com.apple.xcode.tools.swift.compiler (in target 'MetalHead' from project 'MetalHead')
    cd /Users/themapleseedinc/.cursor/worktrees/MetalHead/eyc
    builtin-Swift-Compilation-Requirements -- /Applications/Xcode.app/Contents/Developer/Toolchains/XcodeDefault.xctoolchain/usr/bin/swiftc -module-name MetalHead -Onone -enforce-exclusivity\=checked @/Users/themapleseedinc/Library/Developer/Xcode/DerivedData/MetalHead-dwcquabrrptfhxcuxkrazgvouwjo/Build/Intermediates.noindex/MetalHead.build/Debug/MetalHead.build/Objects-normal/arm64/MetalHead.SwiftFileList -DDEBUG -enable-experimental-feature DebugDescriptionMacro -sdk /Applications/Xcode.app/Contents/Developer/Platforms/MacOSX.platform/Developer/SDKs/MacOSX26.1.sdk -target arm64-apple-macos26.1 -g -module-cache-path /Users/themapleseedinc/Library/Developer/Xcode/DerivedData/ModuleCache.noindex -Xfrontend -serialize-debugging-options -enable-testing -index-store-path /Users/themapleseedinc/Library/Developer/Xcode/DerivedData/MetalHead-dwcquabrrptfhxcuxkrazgvouwjo/Index.noindex/DataStore -Xcc -D_LIBCPP_HARDENING_MODE\=_LIBCPP_HARDENING_MODE_DEBUG -swift-version 6 -I /Users/themapleseedinc/Library/Developer/Xcode/DerivedData/MetalHead-dwcquabrrptfhxcuxkrazgvouwjo/Build/Products/Debug -F /Users/themapleseedinc/Library/Developer/Xcode/DerivedData/MetalHead-dwcquabrrptfhxcuxkrazgvouwjo/Build/Products/Debug -emit-localized-strings -emit-localized-strings-path /Users/themapleseedinc/Library/Developer/Xcode/DerivedData/MetalHead-dwcquabrrptfhxcuxkrazgvouwjo/Build/Intermediates.noindex/MetalHead.build/Debug/MetalHead.build/Objects-normal/arm64 -c -j8 -enable-batch-mode -incremental -Xcc -ivfsstatcache -Xcc /Users/themapleseedinc/Library/Developer/Xcode/DerivedData/SDKStatCaches.noindex/macosx26.1-25B74-3885c01c3e6b6a337905948deab2002e3ae1261907bdadc328169391a47051a6.sdkstatcache -output-file-map /Users/themapleseedinc/Library/Developer/Xcode/DerivedData/MetalHead-dwcquabrrptfhxcuxkrazgvouwjo/Build/Intermediates.noindex/MetalHead.build/Debug/MetalHead.build/Objects-normal/arm64/MetalHead-OutputFileMap.json -use-frontend-parseable-output -save-temps -no-color-diagnostics -explicit-module-build -module-cache-path /Users/themapleseedinc/Library/Developer/Xcode/DerivedData/MetalHead-dwcquabrrptfhxcuxkrazgvouwjo/Build/Intermediates.noindex/SwiftExplicitPrecompiledModules -clang-scanner-module-cache-path /Users/themapleseedinc/Library/Developer/Xcode/DerivedData/ModuleCache.noindex -sdk-module-cache-path /Users/themapleseedinc/Library/Developer/Xcode/DerivedData/ModuleCache.noindex -serialize-diagnostics -emit-dependencies -emit-module -emit-module-path /Users/themapleseedinc/Library/Developer/Xcode/DerivedData/MetalHead-dwcquabrrptfhxcuxkrazgvouwjo/Build/Intermediates.noindex/MetalHead.build/Debug/MetalHead.build/Objects-normal/arm64/MetalHead.swiftmodule -validate-clang-modules-once -clang-build-session-file /Users/themapleseedinc/Library/Developer/Xcode/DerivedData/ModuleCache.noindex/Session.modulevalidation -Xcc -I/Users/themapleseedinc/Library/Developer/Xcode/DerivedData/MetalHead-dwcquabrrptfhxcuxkrazgvouwjo/Build/Intermediates.noindex/MetalHead.build/Debug/MetalHead.build/swift-overrides.hmap -emit-const-values -Xfrontend -const-gather-protocols-file -Xfrontend /Users/themapleseedinc/Library/Developer/Xcode/DerivedData/MetalHead-dwcquabrrptfhxcuxkrazgvouwjo/Build/Intermediates.noindex/MetalHead.build/Debug/MetalHead.build/Objects-normal/arm64/MetalHead_const_extract_protocols.json -Xcc -iquote -Xcc /Users/themapleseedinc/Library/Developer/Xcode/DerivedData/MetalHead-dwcquabrrptfhxcuxkrazgvouwjo/Build/Intermediates.noindex/MetalHead.build/Debug/MetalHead.build/MetalHead-generated-files.hmap -Xcc -I/Users/themapleseedinc/Library/Developer/Xcode/DerivedData/MetalHead-dwcquabrrptfhxcuxkrazgvouwjo/Build/Intermediates.noindex/MetalHead.build/Debug/MetalHead.build/MetalHead-own-target-headers.hmap -Xcc -I/Users/themapleseedinc/Library/Developer/Xcode/DerivedData/MetalHead-dwcquabrrptfhxcuxkrazgvouwjo/Build/Intermediates.noindex/MetalHead.build/Debug/MetalHead.build/MetalHead-all-non-framework-target-headers.hmap -Xcc -ivfsoverlay -Xcc /Users/themapleseedinc/Library/Developer/Xcode/DerivedData/MetalHead-dwcquabrrptfhxcuxkrazgvouwjo/Build/Intermediates.noindex/MetalHead.build/Debug/MetalHead-65e8f32d4af987da389b3742d35158af-VFS/all-product-headers.yaml -Xcc -iquote -Xcc /Users/themapleseedinc/Library/Developer/Xcode/DerivedData/MetalHead-dwcquabrrptfhxcuxkrazgvouwjo/Build/Intermediates.noindex/MetalHead.build/Debug/MetalHead.build/MetalHead-project-headers.hmap -Xcc -I/Users/themapleseedinc/Library/Developer/Xcode/DerivedData/MetalHead-dwcquabrrptfhxcuxkrazgvouwjo/Build/Products/Debug/include -Xcc -I/Users/themapleseedinc/Library/Developer/Xcode/DerivedData/MetalHead-dwcquabrrptfhxcuxkrazgvouwjo/Build/Intermediates.noindex/MetalHead.build/Debug/MetalHead.build/DerivedSources-normal/arm64 -Xcc -I/Users/themapleseedinc/Library/Developer/Xcode/DerivedData/MetalHead-dwcquabrrptfhxcuxkrazgvouwjo/Build/Intermediates.noindex/MetalHead.build/Debug/MetalHead.build/DerivedSources/arm64 -Xcc -I/Users/themapleseedinc/Library/Developer/Xcode/DerivedData/MetalHead-dwcquabrrptfhxcuxkrazgvouwjo/Build/Intermediates.noindex/MetalHead.build/Debug/MetalHead.build/DerivedSources -Xcc -DDEBUG\=1 -emit-objc-header -emit-objc-header-path /Users/themapleseedinc/Library/Developer/Xcode/DerivedData/MetalHead-dwcquabrrptfhxcuxkrazgvouwjo/Build/Intermediates.noindex/MetalHead.build/Debug/MetalHead.build/Objects-normal/arm64/MetalHead-Swift.h -working-directory /Users/themapleseedinc/.cursor/worktrees/MetalHead/eyc -experimental-emit-module-separately -disable-cmo

SwiftDriverJobDiscovery normal arm64 Compiling MetalHeadApp.swift (in target 'MetalHead' from project 'MetalHead')

SwiftDriver\ Compilation MetalHead normal arm64 com.apple.xcode.tools.swift.compiler (in target 'MetalHead' from project 'MetalHead')
    cd /Users/themapleseedinc/.cursor/worktrees/MetalHead/eyc
    builtin-Swift-Compilation -- /Applications/Xcode.app/Contents/Developer/Toolchains/XcodeDefault.xctoolchain/usr/bin/swiftc -module-name MetalHead -Onone -enforce-exclusivity\=checked @/Users/themapleseedinc/Library/Developer/Xcode/DerivedData/MetalHead-dwcquabrrptfhxcuxkrazgvouwjo/Build/Intermediates.noindex/MetalHead.build/Debug/MetalHead.build/Objects-normal/arm64/MetalHead.SwiftFileList -DDEBUG -enable-experimental-feature DebugDescriptionMacro -sdk /Applications/Xcode.app/Contents/Developer/Platforms/MacOSX.platform/Developer/SDKs/MacOSX26.1.sdk -target arm64-apple-macos26.1 -g -module-cache-path /Users/themapleseedinc/Library/Developer/Xcode/DerivedData/ModuleCache.noindex -Xfrontend -serialize-debugging-options -enable-testing -index-store-path /Users/themapleseedinc/Library/Developer/Xcode/DerivedData/MetalHead-dwcquabrrptfhxcuxkrazgvouwjo/Index.noindex/DataStore -Xcc -D_LIBCPP_HARDENING_MODE\=_LIBCPP_HARDENING_MODE_DEBUG -swift-version 6 -I /Users/themapleseedinc/Library/Developer/Xcode/DerivedData/MetalHead-dwcquabrrptfhxcuxkrazgvouwjo/Build/Products/Debug -F /Users/themapleseedinc/Library/Developer/Xcode/DerivedData/MetalHead-dwcquabrrptfhxcuxkrazgvouwjo/Build/Products/Debug -emit-localized-strings -emit-localized-strings-path /Users/themapleseedinc/Library/Developer/Xcode/DerivedData/MetalHead-dwcquabrrptfhxcuxkrazgvouwjo/Build/Intermediates.noindex/MetalHead.build/Debug/MetalHead.build/Objects-normal/arm64 -c -j8 -enable-batch-mode -incremental -Xcc -ivfsstatcache -Xcc /Users/themapleseedinc/Library/Developer/Xcode/DerivedData/SDKStatCaches.noindex/macosx26.1-25B74-3885c01c3e6b6a337905948deab2002e3ae1261907bdadc328169391a47051a6.sdkstatcache -output-file-map /Users/themapleseedinc/Library/Developer/Xcode/DerivedData/MetalHead-dwcquabrrptfhxcuxkrazgvouwjo/Build/Intermediates.noindex/MetalHead.build/Debug/MetalHead.build/Objects-normal/arm64/MetalHead-OutputFileMap.json -use-frontend-parseable-output -save-temps -no-color-diagnostics -explicit-module-build -module-cache-path /Users/themapleseedinc/Library/Developer/Xcode/DerivedData/MetalHead-dwcquabrrptfhxcuxkrazgvouwjo/Build/Intermediates.noindex/SwiftExplicitPrecompiledModules -clang-scanner-module-cache-path /Users/themapleseedinc/Library/Developer/Xcode/DerivedData/ModuleCache.noindex -sdk-module-cache-path /Users/themapleseedinc/Library/Developer/Xcode/DerivedData/ModuleCache.noindex -serialize-diagnostics -emit-dependencies -emit-module -emit-module-path /Users/themapleseedinc/Library/Developer/Xcode/DerivedData/MetalHead-dwcquabrrptfhxcuxkrazgvouwjo/Build/Intermediates.noindex/MetalHead.build/Debug/MetalHead.build/Objects-normal/arm64/MetalHead.swiftmodule -validate-clang-modules-once -clang-build-session-file /Users/themapleseedinc/Library/Developer/Xcode/DerivedData/ModuleCache.noindex/Session.modulevalidation -Xcc -I/Users/themapleseedinc/Library/Developer/Xcode/DerivedData/MetalHead-dwcquabrrptfhxcuxkrazgvouwjo/Build/Intermediates.noindex/MetalHead.build/Debug/MetalHead.build/swift-overrides.hmap -emit-const-values -Xfrontend -const-gather-protocols-file -Xfrontend /Users/themapleseedinc/Library/Developer/Xcode/DerivedData/MetalHead-dwcquabrrptfhxcuxkrazgvouwjo/Build/Intermediates.noindex/MetalHead.build/Debug/MetalHead.build/Objects-normal/arm64/MetalHead_const_extract_protocols.json -Xcc -iquote -Xcc /Users/themapleseedinc/Library/Developer/Xcode/DerivedData/MetalHead-dwcquabrrptfhxcuxkrazgvouwjo/Build/Intermediates.noindex/MetalHead.build/Debug/MetalHead.build/MetalHead-generated-files.hmap -Xcc -I/Users/themapleseedinc/Library/Developer/Xcode/DerivedData/MetalHead-dwcquabrrptfhxcuxkrazgvouwjo/Build/Intermediates.noindex/MetalHead.build/Debug/MetalHead.build/MetalHead-own-target-headers.hmap -Xcc -I/Users/themapleseedinc/Library/Developer/Xcode/DerivedData/MetalHead-dwcquabrrptfhxcuxkrazgvouwjo/Build/Intermediates.noindex/MetalHead.build/Debug/MetalHead.build/MetalHead-all-non-framework-target-headers.hmap -Xcc -ivfsoverlay -Xcc /Users/themapleseedinc/Library/Developer/Xcode/DerivedData/MetalHead-dwcquabrrptfhxcuxkrazgvouwjo/Build/Intermediates.noindex/MetalHead.build/Debug/MetalHead-65e8f32d4af987da389b3742d35158af-VFS/all-product-headers.yaml -Xcc -iquote -Xcc /Users/themapleseedinc/Library/Developer/Xcode/DerivedData/MetalHead-dwcquabrrptfhxcuxkrazgvouwjo/Build/Intermediates.noindex/MetalHead.build/Debug/MetalHead.build/MetalHead-project-headers.hmap -Xcc -I/Users/themapleseedinc/Library/Developer/Xcode/DerivedData/MetalHead-dwcquabrrptfhxcuxkrazgvouwjo/Build/Products/Debug/include -Xcc -I/Users/themapleseedinc/Library/Developer/Xcode/DerivedData/MetalHead-dwcquabrrptfhxcuxkrazgvouwjo/Build/Intermediates.noindex/MetalHead.build/Debug/MetalHead.build/DerivedSources-normal/arm64 -Xcc -I/Users/themapleseedinc/Library/Developer/Xcode/DerivedData/MetalHead-dwcquabrrptfhxcuxkrazgvouwjo/Build/Intermediates.noindex/MetalHead.build/Debug/MetalHead.build/DerivedSources/arm64 -Xcc -I/Users/themapleseedinc/Library/Developer/Xcode/DerivedData/MetalHead-dwcquabrrptfhxcuxkrazgvouwjo/Build/Intermediates.noindex/MetalHead.build/Debug/MetalHead.build/DerivedSources -Xcc -DDEBUG\=1 -emit-objc-header -emit-objc-header-path /Users/themapleseedinc/Library/Developer/Xcode/DerivedData/MetalHead-dwcquabrrptfhxcuxkrazgvouwjo/Build/Intermediates.noindex/MetalHead.build/Debug/MetalHead.build/Objects-normal/arm64/MetalHead-Swift.h -working-directory /Users/themapleseedinc/.cursor/worktrees/MetalHead/eyc -experimental-emit-module-separately -disable-cmo

Copy /Users/themapleseedinc/Library/Developer/Xcode/DerivedData/MetalHead-dwcquabrrptfhxcuxkrazgvouwjo/Build/Products/Debug/MetalHead.swiftmodule/Project/arm64-apple-macos.swiftsourceinfo /Users/themapleseedinc/Library/Developer/Xcode/DerivedData/MetalHead-dwcquabrrptfhxcuxkrazgvouwjo/Build/Intermediates.noindex/MetalHead.build/Debug/MetalHead.build/Objects-normal/arm64/MetalHead.swiftsourceinfo (in target 'MetalHead' from project 'MetalHead')
    cd /Users/themapleseedinc/.cursor/worktrees/MetalHead/eyc
    builtin-copy -exclude .DS_Store -exclude CVS -exclude .svn -exclude .git -exclude .hg -resolve-src-symlinks -rename /Users/themapleseedinc/Library/Developer/Xcode/DerivedData/MetalHead-dwcquabrrptfhxcuxkrazgvouwjo/Build/Intermediates.noindex/MetalHead.build/Debug/MetalHead.build/Objects-normal/arm64/MetalHead.swiftsourceinfo /Users/themapleseedinc/Library/Developer/Xcode/DerivedData/MetalHead-dwcquabrrptfhxcuxkrazgvouwjo/Build/Products/Debug/MetalHead.swiftmodule/Project/arm64-apple-macos.swiftsourceinfo

Ld /Users/themapleseedinc/Library/Developer/Xcode/DerivedData/MetalHead-dwcquabrrptfhxcuxkrazgvouwjo/Build/Products/Debug/MetalHead.app/Contents/MacOS/MetalHead.debug.dylib normal (in target 'MetalHead' from project 'MetalHead')
    cd /Users/themapleseedinc/.cursor/worktrees/MetalHead/eyc
    /Applications/Xcode.app/Contents/Developer/Toolchains/XcodeDefault.xctoolchain/usr/bin/clang -Xlinker -reproducible -target arm64-apple-macos26.1 -dynamiclib -isysroot /Applications/Xcode.app/Contents/Developer/Platforms/MacOSX.platform/Developer/SDKs/MacOSX26.1.sdk -O0 -L/Users/themapleseedinc/Library/Developer/Xcode/DerivedData/MetalHead-dwcquabrrptfhxcuxkrazgvouwjo/Build/Intermediates.noindex/EagerLinkingTBDs/Debug -L/Users/themapleseedinc/Library/Developer/Xcode/DerivedData/MetalHead-dwcquabrrptfhxcuxkrazgvouwjo/Build/Products/Debug -F/Users/themapleseedinc/Library/Developer/Xcode/DerivedData/MetalHead-dwcquabrrptfhxcuxkrazgvouwjo/Build/Intermediates.noindex/EagerLinkingTBDs/Debug -F/Users/themapleseedinc/Library/Developer/Xcode/DerivedData/MetalHead-dwcquabrrptfhxcuxkrazgvouwjo/Build/Products/Debug -filelist /Users/themapleseedinc/Library/Developer/Xcode/DerivedData/MetalHead-dwcquabrrptfhxcuxkrazgvouwjo/Build/Intermediates.noindex/MetalHead.build/Debug/MetalHead.build/Objects-normal/arm64/MetalHead.LinkFileList -install_name @rpath/MetalHead.debug.dylib -Xlinker -rpath -Xlinker @executable_path/../Frameworks -Xlinker -object_path_lto -Xlinker /Users/themapleseedinc/Library/Developer/Xcode/DerivedData/MetalHead-dwcquabrrptfhxcuxkrazgvouwjo/Build/Intermediates.noindex/MetalHead.build/Debug/MetalHead.build/Objects-normal/arm64/MetalHead_lto.o -rdynamic -Xlinker -no_deduplicate -Xlinker -dependency_info -Xlinker /Users/themapleseedinc/Library/Developer/Xcode/DerivedData/MetalHead-dwcquabrrptfhxcuxkrazgvouwjo/Build/Intermediates.noindex/MetalHead.build/Debug/MetalHead.build/Objects-normal/arm64/MetalHead_dependency_info.dat -fobjc-link-runtime -L/Applications/Xcode.app/Contents/Developer/Toolchains/XcodeDefault.xctoolchain/usr/lib/swift/macosx -L/usr/lib/swift -Xlinker -add_ast_path -Xlinker /Users/themapleseedinc/Library/Developer/Xcode/DerivedData/MetalHead-dwcquabrrptfhxcuxkrazgvouwjo/Build/Intermediates.noindex/MetalHead.build/Debug/MetalHead.build/Objects-normal/arm64/MetalHead.swiftmodule @/Users/themapleseedinc/Library/Developer/Xcode/DerivedData/MetalHead-dwcquabrrptfhxcuxkrazgvouwjo/Build/Intermediates.noindex/MetalHead.build/Debug/MetalHead.build/Objects-normal/arm64/MetalHead-linker-args.resp -Xlinker -alias -Xlinker _main -Xlinker ___debug_main_executable_dylib_entry_point -framework MetalHeadEngine -Xlinker -no_adhoc_codesign -o /Users/themapleseedinc/Library/Developer/Xcode/DerivedData/MetalHead-dwcquabrrptfhxcuxkrazgvouwjo/Build/Products/Debug/MetalHead.app/Contents/MacOS/MetalHead.debug.dylib

Copy /Users/themapleseedinc/Library/Developer/Xcode/DerivedData/MetalHead-dwcquabrrptfhxcuxkrazgvouwjo/Build/Products/Debug/MetalHead.swiftmodule/arm64-apple-macos.abi.json /Users/themapleseedinc/Library/Developer/Xcode/DerivedData/MetalHead-dwcquabrrptfhxcuxkrazgvouwjo/Build/Intermediates.noindex/MetalHead.build/Debug/MetalHead.build/Objects-normal/arm64/MetalHead.abi.json (in target 'MetalHead' from project 'MetalHead')
    cd /Users/themapleseedinc/.cursor/worktrees/MetalHead/eyc
    builtin-copy -exclude .DS_Store -exclude CVS -exclude .svn -exclude .git -exclude .hg -resolve-src-symlinks -rename /Users/themapleseedinc/Library/Developer/Xcode/DerivedData/MetalHead-dwcquabrrptfhxcuxkrazgvouwjo/Build/Intermediates.noindex/MetalHead.build/Debug/MetalHead.build/Objects-normal/arm64/MetalHead.abi.json /Users/themapleseedinc/Library/Developer/Xcode/DerivedData/MetalHead-dwcquabrrptfhxcuxkrazgvouwjo/Build/Products/Debug/MetalHead.swiftmodule/arm64-apple-macos.abi.json

ConstructStubExecutorLinkFileList /Users/themapleseedinc/Library/Developer/Xcode/DerivedData/MetalHead-dwcquabrrptfhxcuxkrazgvouwjo/Build/Intermediates.noindex/MetalHead.build/Debug/MetalHead.build/MetalHead-ExecutorLinkFileList-normal-arm64.txt (in target 'MetalHead' from project 'MetalHead')
    cd /Users/themapleseedinc/.cursor/worktrees/MetalHead/eyc
    construct-stub-executor-link-file-list /Users/themapleseedinc/Library/Developer/Xcode/DerivedData/MetalHead-dwcquabrrptfhxcuxkrazgvouwjo/Build/Products/Debug/MetalHead.app/Contents/MacOS/MetalHead.debug.dylib /Applications/Xcode.app/Contents/Developer/Platforms/MacOSX.platform/Developer/usr/lib/libPreviewsJITStubExecutor_no_swift_entry_point.a /Applications/Xcode.app/Contents/Developer/Platforms/MacOSX.platform/Developer/usr/lib/libPreviewsJITStubExecutor.a --output /Users/themapleseedinc/Library/Developer/Xcode/DerivedData/MetalHead-dwcquabrrptfhxcuxkrazgvouwjo/Build/Intermediates.noindex/MetalHead.build/Debug/MetalHead.build/MetalHead-ExecutorLinkFileList-normal-arm64.txt
note: Using stub executor library with Swift entry point. (in target 'MetalHead' from project 'MetalHead')

Ld /Users/themapleseedinc/Library/Developer/Xcode/DerivedData/MetalHead-dwcquabrrptfhxcuxkrazgvouwjo/Build/Products/Debug/MetalHead.app/Contents/MacOS/MetalHead normal (in target 'MetalHead' from project 'MetalHead')
    cd /Users/themapleseedinc/.cursor/worktrees/MetalHead/eyc
    /Applications/Xcode.app/Contents/Developer/Toolchains/XcodeDefault.xctoolchain/usr/bin/clang -Xlinker -reproducible -target arm64-apple-macos26.1 -isysroot /Applications/Xcode.app/Contents/Developer/Platforms/MacOSX.platform/Developer/SDKs/MacOSX26.1.sdk -O0 -L/Users/themapleseedinc/Library/Developer/Xcode/DerivedData/MetalHead-dwcquabrrptfhxcuxkrazgvouwjo/Build/Products/Debug -F/Users/themapleseedinc/Library/Developer/Xcode/DerivedData/MetalHead-dwcquabrrptfhxcuxkrazgvouwjo/Build/Products/Debug -Xlinker -rpath -Xlinker @executable_path -Xlinker -rpath -Xlinker @executable_path/../Frameworks -rdynamic -Xlinker -no_deduplicate -e ___debug_blank_executor_main -Xlinker -sectcreate -Xlinker __TEXT -Xlinker __debug_dylib -Xlinker /Users/themapleseedinc/Library/Developer/Xcode/DerivedData/MetalHead-dwcquabrrptfhxcuxkrazgvouwjo/Build/Intermediates.noindex/MetalHead.build/Debug/MetalHead.build/MetalHead-DebugDylibPath-normal-arm64.txt -Xlinker -sectcreate -Xlinker __TEXT -Xlinker __debug_instlnm -Xlinker /Users/themapleseedinc/Library/Developer/Xcode/DerivedData/MetalHead-dwcquabrrptfhxcuxkrazgvouwjo/Build/Intermediates.noindex/MetalHead.build/Debug/MetalHead.build/MetalHead-DebugDylibInstallName-normal-arm64.txt -Xlinker -filelist -Xlinker /Users/themapleseedinc/Library/Developer/Xcode/DerivedData/MetalHead-dwcquabrrptfhxcuxkrazgvouwjo/Build/Intermediates.noindex/MetalHead.build/Debug/MetalHead.build/MetalHead-ExecutorLinkFileList-normal-arm64.txt /Users/themapleseedinc/Library/Developer/Xcode/DerivedData/MetalHead-dwcquabrrptfhxcuxkrazgvouwjo/Build/Products/Debug/MetalHead.app/Contents/MacOS/MetalHead.debug.dylib -Xlinker -no_adhoc_codesign -o /Users/themapleseedinc/Library/Developer/Xcode/DerivedData/MetalHead-dwcquabrrptfhxcuxkrazgvouwjo/Build/Products/Debug/MetalHead.app/Contents/MacOS/MetalHead

Copy /Users/themapleseedinc/Library/Developer/Xcode/DerivedData/MetalHead-dwcquabrrptfhxcuxkrazgvouwjo/Build/Products/Debug/MetalHead.app/Contents/Frameworks/MetalHeadEngine.framework /Users/themapleseedinc/Library/Developer/Xcode/DerivedData/MetalHead-dwcquabrrptfhxcuxkrazgvouwjo/Build/Products/Debug/MetalHeadEngine.framework (in target 'MetalHead' from project 'MetalHead')
    cd /Users/themapleseedinc/.cursor/worktrees/MetalHead/eyc
    builtin-copy -exclude .DS_Store -exclude CVS -exclude .svn -exclude .git -exclude .hg -exclude Headers -exclude PrivateHeaders -exclude Modules -exclude \*.tbd -resolve-src-symlinks -remove-static-executable /Users/themapleseedinc/Library/Developer/Xcode/DerivedData/MetalHead-dwcquabrrptfhxcuxkrazgvouwjo/Build/Products/Debug/MetalHeadEngine.framework /Users/themapleseedinc/Library/Developer/Xcode/DerivedData/MetalHead-dwcquabrrptfhxcuxkrazgvouwjo/Build/Products/Debug/MetalHead.app/Contents/Frameworks

ProcessInfoPlistFile /Users/themapleseedinc/Library/Developer/Xcode/DerivedData/MetalHead-dwcquabrrptfhxcuxkrazgvouwjo/Build/Products/Debug/MetalHead.app/Contents/Info.plist /Users/themapleseedinc/Library/Developer/Xcode/DerivedData/MetalHead-dwcquabrrptfhxcuxkrazgvouwjo/Build/Intermediates.noindex/MetalHead.build/Debug/MetalHead.build/empty-MetalHead.plist (in target 'MetalHead' from project 'MetalHead')
    cd /Users/themapleseedinc/.cursor/worktrees/MetalHead/eyc
    builtin-infoPlistUtility /Users/themapleseedinc/Library/Developer/Xcode/DerivedData/MetalHead-dwcquabrrptfhxcuxkrazgvouwjo/Build/Intermediates.noindex/MetalHead.build/Debug/MetalHead.build/empty-MetalHead.plist -producttype com.apple.product-type.application -genpkginfo /Users/themapleseedinc/Library/Developer/Xcode/DerivedData/MetalHead-dwcquabrrptfhxcuxkrazgvouwjo/Build/Products/Debug/MetalHead.app/Contents/PkgInfo -expandbuildsettings -platform macosx -scanforprivacyfile /Users/themapleseedinc/Library/Developer/Xcode/DerivedData/MetalHead-dwcquabrrptfhxcuxkrazgvouwjo/Build/Products/Debug/MetalHead.app/Contents/Frameworks/MetalHeadEngine.framework -o /Users/themapleseedinc/Library/Developer/Xcode/DerivedData/MetalHead-dwcquabrrptfhxcuxkrazgvouwjo/Build/Products/Debug/MetalHead.app/Contents/Info.plist

CodeSign /Users/themapleseedinc/Library/Developer/Xcode/DerivedData/MetalHead-dwcquabrrptfhxcuxkrazgvouwjo/Build/Products/Debug/MetalHead.app/Contents/Frameworks/MetalHeadEngine.framework/Versions/A (in target 'MetalHead' from project 'MetalHead')
    cd /Users/themapleseedinc/.cursor/worktrees/MetalHead/eyc
    
    Signing Identity:     "Sign to Run Locally"
    
    /usr/bin/codesign --force --sign - --timestamp\=none --preserve-metadata\=identifier,entitlements,flags --generate-entitlement-der /Users/themapleseedinc/Library/Developer/Xcode/DerivedData/MetalHead-dwcquabrrptfhxcuxkrazgvouwjo/Build/Products/Debug/MetalHead.app/Contents/Frameworks/MetalHeadEngine.framework/Versions/A
/Users/themapleseedinc/Library/Developer/Xcode/DerivedData/MetalHead-dwcquabrrptfhxcuxkrazgvouwjo/Build/Products/Debug/MetalHead.app/Contents/Frameworks/MetalHeadEngine.framework/Versions/A: replacing existing signature

ExtractAppIntentsMetadata (in target 'MetalHead' from project 'MetalHead')
    cd /Users/themapleseedinc/.cursor/worktrees/MetalHead/eyc
    /Applications/Xcode.app/Contents/Developer/Toolchains/XcodeDefault.xctoolchain/usr/bin/appintentsmetadataprocessor --toolchain-dir /var/run/com.apple.security.cryptexd/mnt/com.apple.MobileAsset.MetalToolchain-v17.2.54.0.5FJQsW/Metal.xctoolchain --module-name MetalHead --sdk-root /Applications/Xcode.app/Contents/Developer/Platforms/MacOSX.platform/Developer/SDKs/MacOSX26.1.sdk --xcode-version 17B100 --platform-family macOS --deployment-target 26.1 --bundle-identifier com.metalhead.engine --output /Users/themapleseedinc/Library/Developer/Xcode/DerivedData/MetalHead-dwcquabrrptfhxcuxkrazgvouwjo/Build/Products/Debug/MetalHead.app/Contents/Resources --target-triple arm64-apple-macos26.1 --binary-file /Users/themapleseedinc/Library/Developer/Xcode/DerivedData/MetalHead-dwcquabrrptfhxcuxkrazgvouwjo/Build/Products/Debug/MetalHead.app/Contents/MacOS/MetalHead --dependency-file /Users/themapleseedinc/Library/Developer/Xcode/DerivedData/MetalHead-dwcquabrrptfhxcuxkrazgvouwjo/Build/Intermediates.noindex/MetalHead.build/Debug/MetalHead.build/Objects-normal/arm64/MetalHead_dependency_info.dat --stringsdata-file /Users/themapleseedinc/Library/Developer/Xcode/DerivedData/MetalHead-dwcquabrrptfhxcuxkrazgvouwjo/Build/Intermediates.noindex/MetalHead.build/Debug/MetalHead.build/Objects-normal/arm64/ExtractedAppShortcutsMetadata.stringsdata --source-file-list /Users/themapleseedinc/Library/Developer/Xcode/DerivedData/MetalHead-dwcquabrrptfhxcuxkrazgvouwjo/Build/Intermediates.noindex/MetalHead.build/Debug/MetalHead.build/Objects-normal/arm64/MetalHead.SwiftFileList --metadata-file-list /Users/themapleseedinc/Library/Developer/Xcode/DerivedData/MetalHead-dwcquabrrptfhxcuxkrazgvouwjo/Build/Intermediates.noindex/MetalHead.build/Debug/MetalHead.build/MetalHead.DependencyMetadataFileList --static-metadata-file-list /Users/themapleseedinc/Library/Developer/Xcode/DerivedData/MetalHead-dwcquabrrptfhxcuxkrazgvouwjo/Build/Intermediates.noindex/MetalHead.build/Debug/MetalHead.build/MetalHead.DependencyStaticMetadataFileList --swift-const-vals-list /Users/themapleseedinc/Library/Developer/Xcode/DerivedData/MetalHead-dwcquabrrptfhxcuxkrazgvouwjo/Build/Intermediates.noindex/MetalHead.build/Debug/MetalHead.build/Objects-normal/arm64/MetalHead.SwiftConstValuesFileList --compile-time-extraction --deployment-aware-processing --validate-assistant-intents --no-app-shortcuts-localization
2025-11-29 19:30:48.788 appintentsmetadataprocessor[3219:70182] Starting appintentsmetadataprocessor export
2025-11-29 19:30:48.789 appintentsmetadataprocessor[3219:70182] warning: Metadata extraction skipped. No AppIntents.framework dependency found.

CopySwiftLibs /Users/themapleseedinc/Library/Developer/Xcode/DerivedData/MetalHead-dwcquabrrptfhxcuxkrazgvouwjo/Build/Products/Debug/MetalHead.app (in target 'MetalHead' from project 'MetalHead')
    cd /Users/themapleseedinc/.cursor/worktrees/MetalHead/eyc
    builtin-swiftStdLibTool --copy --verbose --sign - --scan-executable /Users/themapleseedinc/Library/Developer/Xcode/DerivedData/MetalHead-dwcquabrrptfhxcuxkrazgvouwjo/Build/Products/Debug/MetalHead.app/Contents/MacOS/MetalHead.debug.dylib --scan-folder /Users/themapleseedinc/Library/Developer/Xcode/DerivedData/MetalHead-dwcquabrrptfhxcuxkrazgvouwjo/Build/Products/Debug/MetalHead.app/Contents/Frameworks --scan-folder /Users/themapleseedinc/Library/Developer/Xcode/DerivedData/MetalHead-dwcquabrrptfhxcuxkrazgvouwjo/Build/Products/Debug/MetalHead.app/Contents/PlugIns --scan-folder /Users/themapleseedinc/Library/Developer/Xcode/DerivedData/MetalHead-dwcquabrrptfhxcuxkrazgvouwjo/Build/Products/Debug/MetalHead.app/Contents/Library/SystemExtensions --scan-folder /Users/themapleseedinc/Library/Developer/Xcode/DerivedData/MetalHead-dwcquabrrptfhxcuxkrazgvouwjo/Build/Products/Debug/MetalHead.app/Contents/Extensions --scan-folder /Users/themapleseedinc/Library/Developer/Xcode/DerivedData/MetalHead-dwcquabrrptfhxcuxkrazgvouwjo/Build/Products/Debug/MetalHeadEngine.framework --platform macosx --toolchain /var/run/com.apple.security.cryptexd/mnt/com.apple.MobileAsset.MetalToolchain-v17.2.54.0.5FJQsW/Metal.xctoolchain --toolchain /Applications/Xcode.app/Contents/Developer/Toolchains/XcodeDefault.xctoolchain --destination /Users/themapleseedinc/Library/Developer/Xcode/DerivedData/MetalHead-dwcquabrrptfhxcuxkrazgvouwjo/Build/Products/Debug/MetalHead.app/Contents/Frameworks --strip-bitcode --strip-bitcode-tool /Applications/Xcode.app/Contents/Developer/Toolchains/XcodeDefault.xctoolchain/usr/bin/bitcode_strip --emit-dependency-info /Users/themapleseedinc/Library/Developer/Xcode/DerivedData/MetalHead-dwcquabrrptfhxcuxkrazgvouwjo/Build/Intermediates.noindex/MetalHead.build/Debug/MetalHead.build/SwiftStdLibToolInputDependencies.dep --filter-for-swift-os

CodeSign /Users/themapleseedinc/Library/Developer/Xcode/DerivedData/MetalHead-dwcquabrrptfhxcuxkrazgvouwjo/Build/Products/Debug/MetalHead.app/Contents/MacOS/MetalHead.debug.dylib (in target 'MetalHead' from project 'MetalHead')
    cd /Users/themapleseedinc/.cursor/worktrees/MetalHead/eyc
    
    Signing Identity:     "Sign to Run Locally"
    
    /usr/bin/codesign --force --sign - --timestamp\=none --generate-entitlement-der /Users/themapleseedinc/Library/Developer/Xcode/DerivedData/MetalHead-dwcquabrrptfhxcuxkrazgvouwjo/Build/Products/Debug/MetalHead.app/Contents/MacOS/MetalHead.debug.dylib

CodeSign /Users/themapleseedinc/Library/Developer/Xcode/DerivedData/MetalHead-dwcquabrrptfhxcuxkrazgvouwjo/Build/Products/Debug/MetalHead.app/Contents/MacOS/__preview.dylib (in target 'MetalHead' from project 'MetalHead')
    cd /Users/themapleseedinc/.cursor/worktrees/MetalHead/eyc
    
    Signing Identity:     "Sign to Run Locally"
    
    /usr/bin/codesign --force --sign - --timestamp\=none --generate-entitlement-der /Users/themapleseedinc/Library/Developer/Xcode/DerivedData/MetalHead-dwcquabrrptfhxcuxkrazgvouwjo/Build/Products/Debug/MetalHead.app/Contents/MacOS/__preview.dylib

CodeSign /Users/themapleseedinc/Library/Developer/Xcode/DerivedData/MetalHead-dwcquabrrptfhxcuxkrazgvouwjo/Build/Products/Debug/MetalHead.app (in target 'MetalHead' from project 'MetalHead')
    cd /Users/themapleseedinc/.cursor/worktrees/MetalHead/eyc
    
    Signing Identity:     "Sign to Run Locally"
    
    /usr/bin/codesign --force --sign - --entitlements /Users/themapleseedinc/Library/Developer/Xcode/DerivedData/MetalHead-dwcquabrrptfhxcuxkrazgvouwjo/Build/Intermediates.noindex/MetalHead.build/Debug/MetalHead.build/MetalHead.app.xcent --timestamp\=none --generate-entitlement-der /Users/themapleseedinc/Library/Developer/Xcode/DerivedData/MetalHead-dwcquabrrptfhxcuxkrazgvouwjo/Build/Products/Debug/MetalHead.app

Validate /Users/themapleseedinc/Library/Developer/Xcode/DerivedData/MetalHead-dwcquabrrptfhxcuxkrazgvouwjo/Build/Products/Debug/MetalHead.app (in target 'MetalHead' from project 'MetalHead')
    cd /Users/themapleseedinc/.cursor/worktrees/MetalHead/eyc
    builtin-validationUtility /Users/themapleseedinc/Library/Developer/Xcode/DerivedData/MetalHead-dwcquabrrptfhxcuxkrazgvouwjo/Build/Products/Debug/MetalHead.app -no-validate-extension -infoplist-subpath Contents/Info.plist

RegisterWithLaunchServices /Users/themapleseedinc/Library/Developer/Xcode/DerivedData/MetalHead-dwcquabrrptfhxcuxkrazgvouwjo/Build/Products/Debug/MetalHead.app (in target 'MetalHead' from project 'MetalHead')
    cd /Users/themapleseedinc/.cursor/worktrees/MetalHead/eyc
    /System/Library/Frameworks/CoreServices.framework/Versions/Current/Frameworks/LaunchServices.framework/Versions/Current/Support/lsregister -f -R -trusted /Users/themapleseedinc/Library/Developer/Xcode/DerivedData/MetalHead-dwcquabrrptfhxcuxkrazgvouwjo/Build/Products/Debug/MetalHead.app

** BUILD SUCCEEDED **

